<?xml version="1.0" encoding="UTF-8"?>
<!-- Generated by org.testng.reporters.JUnitXMLReporter -->
<testsuite hostname="przemcio" name="Default test" tests="5" failures="0" timestamp="2 Aug 2012 21:15:46 GMT" time="0.343" errors="0">
  <testcase name="testDateTime" time="0.191" classname="pl.testng.jodatime.TimeTest"/>
  <testcase name="testHoliday" time="0.071" classname="pl.testng.jodatime.TimeTest"/>
  <testcase name="testHolidayWithBD" time="0.002" classname="pl.testng.jodatime.TimeTest"/>
  <testcase name="testIMM" time="0.003" classname="pl.testng.jodatime.TimeTest"/>
  <testcase name="testPeriodTime" time="0.03" classname="pl.testng.jodatime.TimeTest"/>
</testsuite> <!-- Default test -->
