<?xml version="1.0" encoding="UTF-8"?>
<!-- Generated by org.testng.reporters.JUnitXMLReporter -->
<testsuite hostname="przemcio" name="Command line test" tests="100" failures="0" timestamp="2 Aug 2012 19:01:34 GMT" time="0.92" errors="0">
  <testcase name="newReservationShouldBeLogged" time="0.067" classname="pl.testng.ch5.BookingSystem2Test"/>
  <testcase name="shooulReturnsAllReservations" time="0.004" classname="pl.testng.ch5.BookingSystem2Test"/>
  <testcase name="shoudlReservedClassRoomWithEquipment" time="0.002" classname="pl.testng.ch5.BookingSystem2Test"/>
  <testcase name="shouldAllowToBookClassRoom" time="0.01" classname="pl.testng.ch5.BookingSystem2Test"/>
  <testcase name="shouldAllowToBookClassRoom" time="0.001" classname="pl.testng.ch5.BookingSystem2Test"/>
  <testcase name="shouldAllowToBookClassRoom" time="0.001" classname="pl.testng.ch5.BookingSystem2Test"/>
  <testcase name="shouldNOTReturnAvailableClassRooms" time="0.001" classname="pl.testng.ch5.BookingSystem2Test"/>
  <testcase name="shouldNOTReturnAvailableClassRooms" time="0.001" classname="pl.testng.ch5.BookingSystem2Test"/>
  <testcase name="shouldNOTReturnAvailableClassRooms" time="0.002" classname="pl.testng.ch5.BookingSystem2Test"/>
  <testcase name="shouldNotAllowToAddTwoTheSameClassRooms" time="0.001" classname="pl.testng.ch5.BookingSystem2Test"/>
  <testcase name="shouldNotAllowedToAddWrongReservation" time="0.003" classname="pl.testng.ch5.BookingSystem2Test"/>
  <testcase name="shouldNotAllowedToAddWrongReservation" time="0.002" classname="pl.testng.ch5.BookingSystem2Test"/>
  <testcase name="shouldNotAllowedToAddWrongReservation" time="0.001" classname="pl.testng.ch5.BookingSystem2Test"/>
  <testcase name="shouldNotMadeAreservationDueToCleaningHours" time="0.001" classname="pl.testng.ch5.BookingSystem2Test"/>
  <testcase name="shouldNotMadeAreservationDueToCleaningHours2" time="0.002" classname="pl.testng.ch5.BookingSystem2Test"/>
  <testcase name="shouldReturnAllExistingClassRooms" time="0.001" classname="pl.testng.ch5.BookingSystem2Test"/>
  <testcase name="shouldReturnAvailableClassRooms" time="0.001" classname="pl.testng.ch5.BookingSystem2Test"/>
  <testcase name="shouldThrowExceptionCasueMissingClassRooms" time="0.005" classname="pl.testng.ch5.BookingSystem2Test"/>
  <testcase name="doubleBooking" time="0.003" classname="pl.testng.ch4.ClassBookingSystemTest"/>
  <testcase name="doubleBooking" time="0.001" classname="pl.testng.ch4.ClassBookingSystemTest"/>
  <testcase name="doubleBooking" time="0.001" classname="pl.testng.ch4.ClassBookingSystemTest"/>
  <testcase name="doubleBooking" time="0.001" classname="pl.testng.ch4.ClassBookingSystemTest"/>
  <testcase name="shouldReturnReservation" time="0.001" classname="pl.testng.ch4.ClassBookingSystemTest"/>
  <testcase name="shouldReturnReservations" time="0.001" classname="pl.testng.ch4.ClassBookingSystemTest"/>
  <testcase name="shouldReturnReservations" time="0.001" classname="pl.testng.ch4.ClassBookingSystemTest"/>
  <testcase name="shouldReturnReservations" time="0.001" classname="pl.testng.ch4.ClassBookingSystemTest"/>
  <testcase name="testInitializationReservation" time="0.001" classname="pl.testng.ch4.ClassBookingSystemTest"/>
  <testcase name="wrongDatePattern" time="0.001" classname="pl.testng.ch4.ClassBookingSystemTest"/>
  <testcase name="wrongInitializationReservation" time="0.001" classname="pl.testng.ch4.ClassBookingSystemTest"/>
  <testcase name="wrongInitializationReservation" time="0.001" classname="pl.testng.ch4.ClassBookingSystemTest"/>
  <testcase name="wrongInitializationReservation" time="0.001" classname="pl.testng.ch4.ClassBookingSystemTest"/>
  <testcase name="wrongInitializationReservation" time="0.001" classname="pl.testng.ch4.ClassBookingSystemTest"/>
  <testcase name="wrongInitializationReservation" time="0.001" classname="pl.testng.ch4.ClassBookingSystemTest"/>
  <testcase name="wrongInitializationReservation" time="0.0" classname="pl.testng.ch4.ClassBookingSystemTest"/>
  <testcase name="wrongInitializationReservation" time="0.001" classname="pl.testng.ch4.ClassBookingSystemTest"/>
  <testcase name="wrongInitializationReservation" time="0.001" classname="pl.testng.ch4.ClassBookingSystemTest"/>
  <testcase name="wrongInitializationReservation" time="0.001" classname="pl.testng.ch4.ClassBookingSystemTest"/>
  <testcase name="shouldAddElement" time="0.0" classname="pl.testng.ch3.HashMapTest"/>
  <testcase name="shouldAddWithNullKey" time="0.0" classname="pl.testng.ch3.HashMapTest"/>
  <testcase name="shouldClean" time="0.001" classname="pl.testng.ch3.HashMapTest"/>
  <testcase name="shouldReplace" time="0.0" classname="pl.testng.ch3.HashMapTest"/>
  <testcase name="shoudHandleIssue" time="0.021" classname="pl.testng.ch6.HelpDeskTest"/>
  <testcase name="shoudHandleIssue" time="0.001" classname="pl.testng.ch6.HelpDeskTest"/>
  <testcase name="shoudHandleIssue" time="0.001" classname="pl.testng.ch6.HelpDeskTest"/>
  <testcase name="shoudHandleIssue" time="0.001" classname="pl.testng.ch6.HelpDeskTest"/>
  <testcase name="shoudHandleIssue" time="0.001" classname="pl.testng.ch6.HelpDeskTest"/>
  <testcase name="shoudHandleIssue" time="0.001" classname="pl.testng.ch6.HelpDeskTest"/>
  <testcase name="shoudHandleIssue" time="0.001" classname="pl.testng.ch6.HelpDeskTest"/>
  <testcase name="shoudHandleIssue" time="0.001" classname="pl.testng.ch6.HelpDeskTest"/>
  <testcase name="invalidInitialization" time="0.001" classname="pl.testng.ch4.PasswordUtilTest"/>
  <testcase name="invalidInitialization2" time="0.0" classname="pl.testng.ch4.PasswordUtilTest"/>
  <testcase name="invalidInitialization3" time="0.0" classname="pl.testng.ch4.PasswordUtilTest"/>
  <testcase name="shouldReturnFalse" time="0.0" classname="pl.testng.ch4.PasswordUtilTest"/>
  <testcase name="shouldReturnFalse" time="0.001" classname="pl.testng.ch4.PasswordUtilTest"/>
  <testcase name="shouldReturnFalse" time="0.0" classname="pl.testng.ch4.PasswordUtilTest"/>
  <testcase name="shouldReturnFalse" time="0.0" classname="pl.testng.ch4.PasswordUtilTest"/>
  <testcase name="shouldReturnFalse" time="0.0" classname="pl.testng.ch4.PasswordUtilTest"/>
  <testcase name="shouldReturnFalse" time="0.0" classname="pl.testng.ch4.PasswordUtilTest"/>
  <testcase name="shouldReturnFalse" time="0.0" classname="pl.testng.ch4.PasswordUtilTest"/>
  <testcase name="shouldReturnFalse" time="0.001" classname="pl.testng.ch4.PasswordUtilTest"/>
  <testcase name="shouldReturnFalse" time="0.0" classname="pl.testng.ch4.PasswordUtilTest"/>
  <testcase name="shouldReturnValid" time="0.001" classname="pl.testng.ch4.PasswordUtilTest"/>
  <testcase name="shouldReturnValid" time="0.0" classname="pl.testng.ch4.PasswordUtilTest"/>
  <testcase name="shouldReturnValid" time="0.0" classname="pl.testng.ch4.PasswordUtilTest"/>
  <testcase name="shouldReturnValid" time="0.001" classname="pl.testng.ch4.PasswordUtilTest"/>
  <testcase name="shouldReturnValid" time="0.0" classname="pl.testng.ch4.PasswordUtilTest"/>
  <testcase name="allSubscribedClientsShouldReceiveMessages" time="0.003" classname="pl.testng.ch5.RaceResultsServiceFirstAndSecondRefactoredTest"/>
  <testcase name="anyUserShouldNotRecievedMessage" time="0.005" classname="pl.testng.ch5.RaceResultsServiceFirstAndSecondRefactoredTest"/>
  <testcase name="notSubscribedClientShouldNotReceiveMessage" time="0.001" classname="pl.testng.ch5.RaceResultsServiceFirstAndSecondRefactoredTest"/>
  <testcase name="oneSubscribedShouldBeAbledToSubscibeToManyCategory" time="0.002" classname="pl.testng.ch5.RaceResultsServiceFirstAndSecondRefactoredTest"/>
  <testcase name="removedNotSubscribedClient" time="0.0" classname="pl.testng.ch5.RaceResultsServiceFirstAndSecondRefactoredTest"/>
  <testcase name="shoudlRecivedMessageFromSubscribedCategory" time="0.002" classname="pl.testng.ch5.RaceResultsServiceFirstAndSecondRefactoredTest"/>
  <testcase name="shouldFinishedWitoutAnyException" time="0.0" classname="pl.testng.ch5.RaceResultsServiceFirstAndSecondRefactoredTest"/>
  <testcase name="shouldRecivedOnlySubscribedCategoriesMessages" time="0.001" classname="pl.testng.ch5.RaceResultsServiceFirstAndSecondRefactoredTest"/>
  <testcase name="shouldSendOnlyOneMessageToMultiSubscriber" time="0.001" classname="pl.testng.ch5.RaceResultsServiceFirstAndSecondRefactoredTest"/>
  <testcase name="subscribedClientShouldReveiveMessage" time="0.001" classname="pl.testng.ch5.RaceResultsServiceFirstAndSecondRefactoredTest"/>
  <testcase name="unsubsribedClientShouldNotReceiveMessages" time="0.001" classname="pl.testng.ch5.RaceResultsServiceFirstAndSecondRefactoredTest"/>
  <testcase name="shouldReturnValue" time="0.002" classname="pl.testng.ch4.RegexUtilTest"/>
  <testcase name="shouldReturnValue" time="0.001" classname="pl.testng.ch4.RegexUtilTest"/>
  <testcase name="shouldReturnValue" time="0.0" classname="pl.testng.ch4.RegexUtilTest"/>
  <testcase name="shouldReturnValue" time="0.0" classname="pl.testng.ch4.RegexUtilTest"/>
  <testcase name="shouldReturnValue" time="0.0" classname="pl.testng.ch4.RegexUtilTest"/>
  <testcase name="shouldReverseString2" time="0.001" classname="pl.testng.ch3.StringUtilTest"/>
  <testcase name="shouldReverseString2" time="0.0" classname="pl.testng.ch3.StringUtilTest"/>
  <testcase name="shouldReverseString2" time="0.001" classname="pl.testng.ch3.StringUtilTest"/>
  <testcase name="shouldReverseString2" time="0.001" classname="pl.testng.ch3.StringUtilTest"/>
  <testcase name="shouldReverseString2" time="0.001" classname="pl.testng.ch3.StringUtilTest"/>
  <testcase name="shouldReverseString3" time="0.001" classname="pl.testng.ch3.StringUtilTest"/>
  <testcase name="shouldReverseString3" time="0.0" classname="pl.testng.ch3.StringUtilTest"/>
  <testcase name="shouldReverseString3" time="0.001" classname="pl.testng.ch3.StringUtilTest"/>
  <testcase name="shouldReverseString3" time="0.001" classname="pl.testng.ch3.StringUtilTest"/>
  <testcase name="shouldReverseString3" time="0.001" classname="pl.testng.ch3.StringUtilTest"/>
  <testcase name="testDateTime" time="0.117" classname="pl.testng.jodatime.TimeTest"/>
  <testcase name="testHoliday" time="0.001" classname="pl.testng.jodatime.TimeTest"/>
  <testcase name="testPeriodTime" time="0.034" classname="pl.testng.jodatime.TimeTest"/>
  <testcase name="shouldReturnOneUser" time="0.015" classname="pl.testng.ch6.UserListTest"/>
  <testcase name="shouldReturnTwoUser" time="0.001" classname="pl.testng.ch6.UserListTest"/>
  <testcase name="shouldReturnZeroUsers" time="0.008" classname="pl.testng.ch6.UserListTest"/>
  <testcase name="shouldAssignDOC" time="0.027" classname="pl.testng.ch5.UserServiceTest"/>
  <testcase name="shouldUpdatePassword" time="0.002" classname="pl.testng.ch5.UserServiceTest"/>
</testsuite>
