<?xml version="1.0" encoding="UTF-8" ?>
<testsuite failures="0" time="2.172" errors="0" skipped="0" tests="100" name="TestSuite">
  <properties>
[...]
</properties>
  <testcase time="0.065" classname="pl.testng.ch5.BookingSystem2Test" name="newReservationShouldBeLogged"/>
  <testcase time="0.003" classname="pl.testng.ch5.BookingSystem2Test" name="shooulReturnsAllReservations"/>
  <testcase time="0.001" classname="pl.testng.ch5.BookingSystem2Test" name="shoudlReservedClassRoomWithEquipment"/>
  <testcase time="0.009" classname="pl.testng.ch5.BookingSystem2Test" name="shouldAllowToBookClassRoom"/>
  <testcase time="0.001" classname="pl.testng.ch5.BookingSystem2Test" name="shouldAllowToBookClassRoom"/>
  <testcase time="0.001" classname="pl.testng.ch5.BookingSystem2Test" name="shouldAllowToBookClassRoom"/>
  <testcase time="0.005" classname="pl.testng.ch5.BookingSystem2Test" name="shouldNOTReturnAvailableClassRooms"/>
  <testcase time="0.001" classname="pl.testng.ch5.BookingSystem2Test" name="shouldNOTReturnAvailableClassRooms"/>
  <testcase time="0.001" classname="pl.testng.ch5.BookingSystem2Test" name="shouldNOTReturnAvailableClassRooms"/>
  <testcase time="0" classname="pl.testng.ch5.BookingSystem2Test" name="shouldNotAllowToAddTwoTheSameClassRooms"/>
  <testcase time="0.003" classname="pl.testng.ch5.BookingSystem2Test" name="shouldNotAllowedToAddWrongReservation"/>
  <testcase time="0.001" classname="pl.testng.ch5.BookingSystem2Test" name="shouldNotAllowedToAddWrongReservation"/>
  <testcase time="0.002" classname="pl.testng.ch5.BookingSystem2Test" name="shouldNotAllowedToAddWrongReservation"/>
  <testcase time="0.001" classname="pl.testng.ch5.BookingSystem2Test" name="shouldNotMadeAreservationDueToCleaningHours"/>
  <testcase time="0.001" classname="pl.testng.ch5.BookingSystem2Test" name="shouldNotMadeAreservationDueToCleaningHours2"/>
  <testcase time="0" classname="pl.testng.ch5.BookingSystem2Test" name="shouldReturnAllExistingClassRooms"/>
  <testcase time="0.001" classname="pl.testng.ch5.BookingSystem2Test" name="shouldReturnAvailableClassRooms"/>
  <testcase time="0" classname="pl.testng.ch5.BookingSystem2Test" name="shouldThrowExceptionCasueMissingClassRooms"/>
  <testcase time="0.002" classname="pl.testng.ch4.ClassBookingSystemTest" name="doubleBooking"/>
  <testcase time="0.001" classname="pl.testng.ch4.ClassBookingSystemTest" name="doubleBooking"/>
  <testcase time="0.002" classname="pl.testng.ch4.ClassBookingSystemTest" name="doubleBooking"/>
  <testcase time="0.001" classname="pl.testng.ch4.ClassBookingSystemTest" name="doubleBooking"/>
  <testcase time="0.001" classname="pl.testng.ch4.ClassBookingSystemTest" name="shouldReturnReservation"/>
  <testcase time="0.001" classname="pl.testng.ch4.ClassBookingSystemTest" name="shouldReturnReservations"/>
  <testcase time="0.001" classname="pl.testng.ch4.ClassBookingSystemTest" name="shouldReturnReservations"/>
  <testcase time="0.001" classname="pl.testng.ch4.ClassBookingSystemTest" name="shouldReturnReservations"/>
  <testcase time="0" classname="pl.testng.ch4.ClassBookingSystemTest" name="testInitializationReservation"/>
  <testcase time="0.02" classname="pl.testng.ch4.ClassBookingSystemTest" name="wrongDatePattern"/>
  <testcase time="0" classname="pl.testng.ch4.ClassBookingSystemTest" name="wrongInitializationReservation"/>
  <testcase time="0.001" classname="pl.testng.ch4.ClassBookingSystemTest" name="wrongInitializationReservation"/>
  <testcase time="0" classname="pl.testng.ch4.ClassBookingSystemTest" name="wrongInitializationReservation"/>
  <testcase time="0.001" classname="pl.testng.ch4.ClassBookingSystemTest" name="wrongInitializationReservation"/>
  <testcase time="0" classname="pl.testng.ch4.ClassBookingSystemTest" name="wrongInitializationReservation"/>
  <testcase time="0.001" classname="pl.testng.ch4.ClassBookingSystemTest" name="wrongInitializationReservation"/>
  <testcase time="0.001" classname="pl.testng.ch4.ClassBookingSystemTest" name="wrongInitializationReservation"/>
  <testcase time="0" classname="pl.testng.ch4.ClassBookingSystemTest" name="wrongInitializationReservation"/>
  <testcase time="0.001" classname="pl.testng.ch4.ClassBookingSystemTest" name="wrongInitializationReservation"/>
  <testcase time="0" classname="pl.testng.ch3.HashMapTest" name="shouldAddElement"/>
  <testcase time="0.001" classname="pl.testng.ch3.HashMapTest" name="shouldAddWithNullKey"/>
  <testcase time="0" classname="pl.testng.ch3.HashMapTest" name="shouldClean"/>
  <testcase time="0" classname="pl.testng.ch3.HashMapTest" name="shouldReplace"/>
  <testcase time="0.021" classname="pl.testng.ch6.HelpDeskTest" name="shoudHandleIssue"/>
  <testcase time="0.001" classname="pl.testng.ch6.HelpDeskTest" name="shoudHandleIssue"/>
  <testcase time="0.001" classname="pl.testng.ch6.HelpDeskTest" name="shoudHandleIssue"/>
  <testcase time="0.001" classname="pl.testng.ch6.HelpDeskTest" name="shoudHandleIssue"/>
  <testcase time="0.001" classname="pl.testng.ch6.HelpDeskTest" name="shoudHandleIssue"/>
  <testcase time="0.001" classname="pl.testng.ch6.HelpDeskTest" name="shoudHandleIssue"/>
  <testcase time="0.001" classname="pl.testng.ch6.HelpDeskTest" name="shoudHandleIssue"/>
  <testcase time="0.001" classname="pl.testng.ch6.HelpDeskTest" name="shoudHandleIssue"/>
  <testcase time="0.002" classname="pl.testng.ch4.PasswordUtilTest" name="invalidInitialization"/>
  <testcase time="0" classname="pl.testng.ch4.PasswordUtilTest" name="invalidInitialization2"/>
  <testcase time="0" classname="pl.testng.ch4.PasswordUtilTest" name="invalidInitialization3"/>
  <testcase time="0" classname="pl.testng.ch4.PasswordUtilTest" name="shouldReturnFalse"/>
  <testcase time="0" classname="pl.testng.ch4.PasswordUtilTest" name="shouldReturnFalse"/>
  <testcase time="0.001" classname="pl.testng.ch4.PasswordUtilTest" name="shouldReturnFalse"/>
  <testcase time="0" classname="pl.testng.ch4.PasswordUtilTest" name="shouldReturnFalse"/>
  <testcase time="0" classname="pl.testng.ch4.PasswordUtilTest" name="shouldReturnFalse"/>
  <testcase time="0.001" classname="pl.testng.ch4.PasswordUtilTest" name="shouldReturnFalse"/>
  <testcase time="0" classname="pl.testng.ch4.PasswordUtilTest" name="shouldReturnFalse"/>
  <testcase time="0" classname="pl.testng.ch4.PasswordUtilTest" name="shouldReturnFalse"/>
  <testcase time="0" classname="pl.testng.ch4.PasswordUtilTest" name="shouldReturnFalse"/>
  <testcase time="0" classname="pl.testng.ch4.PasswordUtilTest" name="shouldReturnValid"/>
  <testcase time="0.001" classname="pl.testng.ch4.PasswordUtilTest" name="shouldReturnValid"/>
  <testcase time="0.001" classname="pl.testng.ch4.PasswordUtilTest" name="shouldReturnValid"/>
  <testcase time="0" classname="pl.testng.ch4.PasswordUtilTest" name="shouldReturnValid"/>
  <testcase time="0" classname="pl.testng.ch4.PasswordUtilTest" name="shouldReturnValid"/>
  <testcase time="0.003" classname="pl.testng.ch5.RaceResultsServiceFirstAndSecondRefactoredTest" name="allSubscribedClientsShouldReceiveMessages"/>
  <testcase time="0.006" classname="pl.testng.ch5.RaceResultsServiceFirstAndSecondRefactoredTest" name="anyUserShouldNotRecievedMessage"/>
  <testcase time="0.001" classname="pl.testng.ch5.RaceResultsServiceFirstAndSecondRefactoredTest" name="notSubscribedClientShouldNotReceiveMessage"/>
  <testcase time="0.003" classname="pl.testng.ch5.RaceResultsServiceFirstAndSecondRefactoredTest" name="oneSubscribedShouldBeAbledToSubscibeToManyCategory"/>
  <testcase time="0" classname="pl.testng.ch5.RaceResultsServiceFirstAndSecondRefactoredTest" name="removedNotSubscribedClient"/>
  <testcase time="0.002" classname="pl.testng.ch5.RaceResultsServiceFirstAndSecondRefactoredTest" name="shoudlRecivedMessageFromSubscribedCategory"/>
  <testcase time="0.001" classname="pl.testng.ch5.RaceResultsServiceFirstAndSecondRefactoredTest" name="shouldFinishedWitoutAnyException"/>
  <testcase time="0.001" classname="pl.testng.ch5.RaceResultsServiceFirstAndSecondRefactoredTest" name="shouldRecivedOnlySubscribedCategoriesMessages"/>
  <testcase time="0.002" classname="pl.testng.ch5.RaceResultsServiceFirstAndSecondRefactoredTest" name="shouldSendOnlyOneMessageToMultiSubscriber"/>
  <testcase time="0.002" classname="pl.testng.ch5.RaceResultsServiceFirstAndSecondRefactoredTest" name="subscribedClientShouldReveiveMessage"/>
  <testcase time="0.001" classname="pl.testng.ch5.RaceResultsServiceFirstAndSecondRefactoredTest" name="unsubsribedClientShouldNotReceiveMessages"/>
  <testcase time="0.002" classname="pl.testng.ch4.RegexUtilTest" name="shouldReturnValue"/>
  <testcase time="0" classname="pl.testng.ch4.RegexUtilTest" name="shouldReturnValue"/>
  <testcase time="0.001" classname="pl.testng.ch4.RegexUtilTest" name="shouldReturnValue"/>
  <testcase time="0.001" classname="pl.testng.ch4.RegexUtilTest" name="shouldReturnValue"/>
  <testcase time="0.001" classname="pl.testng.ch4.RegexUtilTest" name="shouldReturnValue"/>
  <testcase time="0.002" classname="pl.testng.ch3.StringUtilTest" name="shouldReverseString2"/>
  <testcase time="0" classname="pl.testng.ch3.StringUtilTest" name="shouldReverseString2"/>
  <testcase time="0" classname="pl.testng.ch3.StringUtilTest" name="shouldReverseString2"/>
  <testcase time="0" classname="pl.testng.ch3.StringUtilTest" name="shouldReverseString2"/>
  <testcase time="0.001" classname="pl.testng.ch3.StringUtilTest" name="shouldReverseString2"/>
  <testcase time="0.001" classname="pl.testng.ch3.StringUtilTest" name="shouldReverseString3"/>
  <testcase time="0" classname="pl.testng.ch3.StringUtilTest" name="shouldReverseString3"/>
  <testcase time="0" classname="pl.testng.ch3.StringUtilTest" name="shouldReverseString3"/>
  <testcase time="0" classname="pl.testng.ch3.StringUtilTest" name="shouldReverseString3"/>
  <testcase time="0.001" classname="pl.testng.ch3.StringUtilTest" name="shouldReverseString3"/>
  <testcase time="0.116" classname="pl.testng.jodatime.TimeTest" name="testDateTime"/>
  <testcase time="0" classname="pl.testng.jodatime.TimeTest" name="testHoliday"/>
  <testcase time="0.035" classname="pl.testng.jodatime.TimeTest" name="testPeriodTime"/>
  <testcase time="0.015" classname="pl.testng.ch6.UserListTest" name="shouldReturnOneUser"/>
  <testcase time="0" classname="pl.testng.ch6.UserListTest" name="shouldReturnTwoUser"/>
  <testcase time="0.001" classname="pl.testng.ch6.UserListTest" name="shouldReturnZeroUsers"/>
  <testcase time="0.021" classname="pl.testng.ch5.UserServiceTest" name="shouldAssignDOC"/>
  <testcase time="0.001" classname="pl.testng.ch5.UserServiceTest" name="shouldUpdatePassword"/>
</testsuite>