<?xml version="1.0" encoding="UTF-8"?>
<testng-results skipped="0" failed="0" total="100" passed="100">
  <reporter-output>
  </reporter-output>
  <suite name="Command line suite" duration-ms="920" started-at="2012-08-02T21:01:33Z" finished-at="2012-08-02T21:01:34Z">
    <groups>
    </groups>
    <test name="Command line test" duration-ms="920" started-at="2012-08-02T21:01:33Z" finished-at="2012-08-02T21:01:34Z">
      <class name="pl.testng.ch3.HashMapTest">
        <test-method status="PASS" signature="prepareHasMap()[pri:0, instance:pl.testng.ch3.HashMapTest@7194b34a]" name="prepareHasMap" is-config="true" duration-ms="0" started-at="2012-08-02T21:01:33Z" finished-at="2012-08-02T21:01:33Z">
        </test-method>
        <test-method status="PASS" signature="shouldAddElement()[pri:0, instance:pl.testng.ch3.HashMapTest@7194b34a]" name="shouldAddElement" duration-ms="0" started-at="2012-08-02T21:01:33Z" finished-at="2012-08-02T21:01:33Z">
        </test-method>
        <test-method status="PASS" signature="shouldAddWithNullKey()[pri:0, instance:pl.testng.ch3.HashMapTest@7194b34a]" name="shouldAddWithNullKey" duration-ms="0" started-at="2012-08-02T21:01:33Z" finished-at="2012-08-02T21:01:33Z">
        </test-method>
        <test-method status="PASS" signature="prepareHasMap()[pri:0, instance:pl.testng.ch3.HashMapTest@7194b34a]" name="prepareHasMap" is-config="true" duration-ms="0" started-at="2012-08-02T21:01:33Z" finished-at="2012-08-02T21:01:33Z">
        </test-method>
        <test-method status="PASS" signature="prepareHasMap()[pri:0, instance:pl.testng.ch3.HashMapTest@7194b34a]" name="prepareHasMap" is-config="true" duration-ms="0" started-at="2012-08-02T21:01:33Z" finished-at="2012-08-02T21:01:33Z">
        </test-method>
        <test-method status="PASS" signature="shouldClean()[pri:0, instance:pl.testng.ch3.HashMapTest@7194b34a]" name="shouldClean" duration-ms="1" started-at="2012-08-02T21:01:33Z" finished-at="2012-08-02T21:01:33Z">
        </test-method>
        <test-method status="PASS" signature="prepareHasMap()[pri:0, instance:pl.testng.ch3.HashMapTest@7194b34a]" name="prepareHasMap" is-config="true" duration-ms="1" started-at="2012-08-02T21:01:33Z" finished-at="2012-08-02T21:01:33Z">
        </test-method>
        <test-method status="PASS" signature="shouldReplace()[pri:0, instance:pl.testng.ch3.HashMapTest@7194b34a]" name="shouldReplace" duration-ms="0" started-at="2012-08-02T21:01:33Z" finished-at="2012-08-02T21:01:33Z">
        </test-method>
      </class>
      <class name="pl.testng.ch5.BookingSystem2Test">
        <test-method status="PASS" signature="setUp()[pri:0, instance:pl.testng.ch5.BookingSystem2Test@39e32cd6]" name="setUp" is-config="true" duration-ms="263" started-at="2012-08-02T21:01:33Z" finished-at="2012-08-02T21:01:33Z">
        </test-method>
        <test-method status="PASS" signature="newReservationShouldBeLogged()[pri:0, instance:pl.testng.ch5.BookingSystem2Test@39e32cd6]" name="newReservationShouldBeLogged" duration-ms="67" started-at="2012-08-02T21:01:33Z" finished-at="2012-08-02T21:01:33Z">
        </test-method>
        <test-method status="PASS" signature="setUp()[pri:0, instance:pl.testng.ch5.BookingSystem2Test@39e32cd6]" name="setUp" is-config="true" duration-ms="0" started-at="2012-08-02T21:01:33Z" finished-at="2012-08-02T21:01:33Z">
        </test-method>
        <test-method status="PASS" signature="shooulReturnsAllReservations()[pri:0, instance:pl.testng.ch5.BookingSystem2Test@39e32cd6]" name="shooulReturnsAllReservations" duration-ms="4" started-at="2012-08-02T21:01:33Z" finished-at="2012-08-02T21:01:33Z">
        </test-method>
        <test-method status="PASS" signature="shoudlReservedClassRoomWithEquipment()[pri:0, instance:pl.testng.ch5.BookingSystem2Test@39e32cd6]" name="shoudlReservedClassRoomWithEquipment" duration-ms="2" started-at="2012-08-02T21:01:33Z" finished-at="2012-08-02T21:01:33Z">
        </test-method>
        <test-method status="PASS" signature="setUp()[pri:0, instance:pl.testng.ch5.BookingSystem2Test@39e32cd6]" name="setUp" is-config="true" duration-ms="0" started-at="2012-08-02T21:01:33Z" finished-at="2012-08-02T21:01:33Z">
        </test-method>
        <test-method status="PASS" signature="setUp()[pri:0, instance:pl.testng.ch5.BookingSystem2Test@39e32cd6]" name="setUp" is-config="true" duration-ms="0" started-at="2012-08-02T21:01:33Z" finished-at="2012-08-02T21:01:33Z">
        </test-method>
        <test-method status="PASS" signature="shouldAllowToBookClassRoom(java.lang.String, java.lang.String)[pri:0, instance:pl.testng.ch5.BookingSystem2Test@39e32cd6]" name="shouldAllowToBookClassRoom" duration-ms="10" started-at="2012-08-02T21:01:33Z" finished-at="2012-08-02T21:01:33Z">
          <params>
            <param index="0">
              <value>
                <![CDATA[11:00]]>
              </value>
            </param>
            <param index="1">
              <value>
                <![CDATA[12:00]]>
              </value>
            </param>
          </params>
        </test-method>
        <test-method status="PASS" signature="setUp()[pri:0, instance:pl.testng.ch5.BookingSystem2Test@39e32cd6]" name="setUp" is-config="true" duration-ms="1" started-at="2012-08-02T21:01:33Z" finished-at="2012-08-02T21:01:33Z">
        </test-method>
        <test-method status="PASS" signature="shouldAllowToBookClassRoom(java.lang.String, java.lang.String)[pri:0, instance:pl.testng.ch5.BookingSystem2Test@39e32cd6]" name="shouldAllowToBookClassRoom" duration-ms="1" started-at="2012-08-02T21:01:33Z" finished-at="2012-08-02T21:01:33Z">
          <params>
            <param index="0">
              <value>
                <![CDATA[09:00]]>
              </value>
            </param>
            <param index="1">
              <value>
                <![CDATA[12:00]]>
              </value>
            </param>
          </params>
        </test-method>
        <test-method status="PASS" signature="setUp()[pri:0, instance:pl.testng.ch5.BookingSystem2Test@39e32cd6]" name="setUp" is-config="true" duration-ms="1" started-at="2012-08-02T21:01:33Z" finished-at="2012-08-02T21:01:33Z">
        </test-method>
        <test-method status="PASS" signature="shouldAllowToBookClassRoom(java.lang.String, java.lang.String)[pri:0, instance:pl.testng.ch5.BookingSystem2Test@39e32cd6]" name="shouldAllowToBookClassRoom" duration-ms="1" started-at="2012-08-02T21:01:33Z" finished-at="2012-08-02T21:01:33Z">
          <params>
            <param index="0">
              <value>
                <![CDATA[11:00]]>
              </value>
            </param>
            <param index="1">
              <value>
                <![CDATA[14:00]]>
              </value>
            </param>
          </params>
        </test-method>
        <test-method status="PASS" signature="setUp()[pri:0, instance:pl.testng.ch5.BookingSystem2Test@39e32cd6]" name="setUp" is-config="true" duration-ms="0" started-at="2012-08-02T21:01:33Z" finished-at="2012-08-02T21:01:33Z">
        </test-method>
        <test-method status="PASS" signature="shouldNOTReturnAvailableClassRooms(java.lang.String, java.lang.String)[pri:0, instance:pl.testng.ch5.BookingSystem2Test@39e32cd6]" name="shouldNOTReturnAvailableClassRooms" duration-ms="1" started-at="2012-08-02T21:01:33Z" finished-at="2012-08-02T21:01:33Z">
          <params>
            <param index="0">
              <value>
                <![CDATA[11:00]]>
              </value>
            </param>
            <param index="1">
              <value>
                <![CDATA[12:00]]>
              </value>
            </param>
          </params>
        </test-method>
        <test-method status="PASS" signature="setUp()[pri:0, instance:pl.testng.ch5.BookingSystem2Test@39e32cd6]" name="setUp" is-config="true" duration-ms="1" started-at="2012-08-02T21:01:33Z" finished-at="2012-08-02T21:01:33Z">
        </test-method>
        <test-method status="PASS" signature="shouldNOTReturnAvailableClassRooms(java.lang.String, java.lang.String)[pri:0, instance:pl.testng.ch5.BookingSystem2Test@39e32cd6]" name="shouldNOTReturnAvailableClassRooms" duration-ms="1" started-at="2012-08-02T21:01:33Z" finished-at="2012-08-02T21:01:33Z">
          <params>
            <param index="0">
              <value>
                <![CDATA[09:00]]>
              </value>
            </param>
            <param index="1">
              <value>
                <![CDATA[12:00]]>
              </value>
            </param>
          </params>
        </test-method>
        <test-method status="PASS" signature="shouldNOTReturnAvailableClassRooms(java.lang.String, java.lang.String)[pri:0, instance:pl.testng.ch5.BookingSystem2Test@39e32cd6]" name="shouldNOTReturnAvailableClassRooms" duration-ms="2" started-at="2012-08-02T21:01:33Z" finished-at="2012-08-02T21:01:33Z">
          <params>
            <param index="0">
              <value>
                <![CDATA[11:00]]>
              </value>
            </param>
            <param index="1">
              <value>
                <![CDATA[14:00]]>
              </value>
            </param>
          </params>
        </test-method>
        <test-method status="PASS" signature="setUp()[pri:0, instance:pl.testng.ch5.BookingSystem2Test@39e32cd6]" name="setUp" is-config="true" duration-ms="0" started-at="2012-08-02T21:01:33Z" finished-at="2012-08-02T21:01:33Z">
        </test-method>
        <test-method status="PASS" signature="setUp()[pri:0, instance:pl.testng.ch5.BookingSystem2Test@39e32cd6]" name="setUp" is-config="true" duration-ms="10" started-at="2012-08-02T21:01:33Z" finished-at="2012-08-02T21:01:33Z">
        </test-method>
        <test-method status="PASS" signature="shouldNotAllowToAddTwoTheSameClassRooms()[pri:0, instance:pl.testng.ch5.BookingSystem2Test@39e32cd6]" name="shouldNotAllowToAddTwoTheSameClassRooms" duration-ms="1" started-at="2012-08-02T21:01:33Z" finished-at="2012-08-02T21:01:33Z">
        </test-method>
        <test-method status="PASS" signature="setUp()[pri:0, instance:pl.testng.ch5.BookingSystem2Test@39e32cd6]" name="setUp" is-config="true" duration-ms="0" started-at="2012-08-02T21:01:33Z" finished-at="2012-08-02T21:01:33Z">
        </test-method>
        <test-method status="PASS" signature="shouldNotAllowedToAddWrongReservation(java.lang.String, java.lang.String)[pri:0, instance:pl.testng.ch5.BookingSystem2Test@39e32cd6]" name="shouldNotAllowedToAddWrongReservation" duration-ms="3" started-at="2012-08-02T21:01:33Z" finished-at="2012-08-02T21:01:33Z">
          <params>
            <param index="0">
              <value>
                <![CDATA[11:00]]>
              </value>
            </param>
            <param index="1">
              <value>
                <![CDATA[12:00]]>
              </value>
            </param>
          </params>
          <exception class="pl.testng.ch5.AlreadyReservedException">
            <full-stacktrace>
              <![CDATA[pl.testng.ch5.AlreadyReservedException
	at pl.testng.ch5.BookingSystem2.book(BookingSystem2.java:39)
	at pl.testng.ch5.BookingSystem2Test.shouldNotAllowedToAddWrongReservation(BookingSystem2Test.java:122)
	at sun.reflect.NativeMethodAccessorImpl.invoke0(Native Method)
	at sun.reflect.NativeMethodAccessorImpl.invoke(NativeMethodAccessorImpl.java:57)
	at sun.reflect.DelegatingMethodAccessorImpl.invoke(DelegatingMethodAccessorImpl.java:43)
	at java.lang.reflect.Method.invoke(Method.java:601)
	at org.testng.internal.MethodInvocationHelper.invokeMethod(MethodInvocationHelper.java:80)
	at org.testng.internal.Invoker.invokeMethod(Invoker.java:691)
	at org.testng.internal.Invoker.invokeTestMethod(Invoker.java:883)
	at org.testng.internal.Invoker.invokeTestMethods(Invoker.java:1208)
	at org.testng.internal.TestMethodWorker.invokeTestMethods(TestMethodWorker.java:127)
	at org.testng.internal.TestMethodWorker.run(TestMethodWorker.java:111)
	at org.testng.TestRunner.privateRun(TestRunner.java:758)
	at org.testng.TestRunner.run(TestRunner.java:613)
	at org.testng.SuiteRunner.runTest(SuiteRunner.java:334)
	at org.testng.SuiteRunner.runSequentially(SuiteRunner.java:329)
	at org.testng.SuiteRunner.privateRun(SuiteRunner.java:291)
	at org.testng.SuiteRunner.run(SuiteRunner.java:240)
	at org.testng.SuiteRunnerWorker.runSuite(SuiteRunnerWorker.java:53)
	at org.testng.SuiteRunnerWorker.run(SuiteRunnerWorker.java:87)
	at org.testng.TestNG.runSuitesSequentially(TestNG.java:1137)
	at org.testng.TestNG.runSuitesLocally(TestNG.java:1062)
	at org.testng.TestNG.run(TestNG.java:974)
	at org.apache.maven.surefire.testng.TestNGExecutor.run(TestNGExecutor.java:70)
	at org.apache.maven.surefire.testng.TestNGDirectoryTestSuite.executeMulti(TestNGDirectoryTestSuite.java:158)
	at org.apache.maven.surefire.testng.TestNGDirectoryTestSuite.execute(TestNGDirectoryTestSuite.java:98)
	at org.apache.maven.surefire.testng.TestNGProvider.invoke(TestNGProvider.java:111)
	at sun.reflect.NativeMethodAccessorImpl.invoke0(Native Method)
	at sun.reflect.NativeMethodAccessorImpl.invoke(NativeMethodAccessorImpl.java:57)
	at sun.reflect.DelegatingMethodAccessorImpl.invoke(DelegatingMethodAccessorImpl.java:43)
	at java.lang.reflect.Method.invoke(Method.java:601)
	at org.apache.maven.surefire.util.ReflectionUtils.invokeMethodWithArray(ReflectionUtils.java:164)
	at org.apache.maven.surefire.booter.ProviderFactory$ProviderProxy.invoke(ProviderFactory.java:110)
	at org.apache.maven.surefire.booter.SurefireStarter.invokeProvider(SurefireStarter.java:175)
	at org.apache.maven.surefire.booter.SurefireStarter.runSuitesInProcessWhenForked(SurefireStarter.java:107)
	at org.apache.maven.surefire.booter.ForkedBooter.main(ForkedBooter.java:68)
]]>
            </full-stacktrace>
          </exception>
        </test-method>
        <test-method status="PASS" signature="setUp()[pri:0, instance:pl.testng.ch5.BookingSystem2Test@39e32cd6]" name="setUp" is-config="true" duration-ms="1" started-at="2012-08-02T21:01:33Z" finished-at="2012-08-02T21:01:33Z">
        </test-method>
        <test-method status="PASS" signature="shouldNotAllowedToAddWrongReservation(java.lang.String, java.lang.String)[pri:0, instance:pl.testng.ch5.BookingSystem2Test@39e32cd6]" name="shouldNotAllowedToAddWrongReservation" duration-ms="2" started-at="2012-08-02T21:01:33Z" finished-at="2012-08-02T21:01:33Z">
          <params>
            <param index="0">
              <value>
                <![CDATA[09:00]]>
              </value>
            </param>
            <param index="1">
              <value>
                <![CDATA[12:00]]>
              </value>
            </param>
          </params>
          <exception class="pl.testng.ch5.AlreadyReservedException">
            <full-stacktrace>
              <![CDATA[pl.testng.ch5.AlreadyReservedException
	at pl.testng.ch5.BookingSystem2.book(BookingSystem2.java:39)
	at pl.testng.ch5.BookingSystem2Test.shouldNotAllowedToAddWrongReservation(BookingSystem2Test.java:122)
	at sun.reflect.NativeMethodAccessorImpl.invoke0(Native Method)
	at sun.reflect.NativeMethodAccessorImpl.invoke(NativeMethodAccessorImpl.java:57)
	at sun.reflect.DelegatingMethodAccessorImpl.invoke(DelegatingMethodAccessorImpl.java:43)
	at java.lang.reflect.Method.invoke(Method.java:601)
	at org.testng.internal.MethodInvocationHelper.invokeMethod(MethodInvocationHelper.java:80)
	at org.testng.internal.Invoker.invokeMethod(Invoker.java:691)
	at org.testng.internal.Invoker.invokeTestMethod(Invoker.java:883)
	at org.testng.internal.Invoker.invokeTestMethods(Invoker.java:1208)
	at org.testng.internal.TestMethodWorker.invokeTestMethods(TestMethodWorker.java:127)
	at org.testng.internal.TestMethodWorker.run(TestMethodWorker.java:111)
	at org.testng.TestRunner.privateRun(TestRunner.java:758)
	at org.testng.TestRunner.run(TestRunner.java:613)
	at org.testng.SuiteRunner.runTest(SuiteRunner.java:334)
	at org.testng.SuiteRunner.runSequentially(SuiteRunner.java:329)
	at org.testng.SuiteRunner.privateRun(SuiteRunner.java:291)
	at org.testng.SuiteRunner.run(SuiteRunner.java:240)
	at org.testng.SuiteRunnerWorker.runSuite(SuiteRunnerWorker.java:53)
	at org.testng.SuiteRunnerWorker.run(SuiteRunnerWorker.java:87)
	at org.testng.TestNG.runSuitesSequentially(TestNG.java:1137)
	at org.testng.TestNG.runSuitesLocally(TestNG.java:1062)
	at org.testng.TestNG.run(TestNG.java:974)
	at org.apache.maven.surefire.testng.TestNGExecutor.run(TestNGExecutor.java:70)
	at org.apache.maven.surefire.testng.TestNGDirectoryTestSuite.executeMulti(TestNGDirectoryTestSuite.java:158)
	at org.apache.maven.surefire.testng.TestNGDirectoryTestSuite.execute(TestNGDirectoryTestSuite.java:98)
	at org.apache.maven.surefire.testng.TestNGProvider.invoke(TestNGProvider.java:111)
	at sun.reflect.NativeMethodAccessorImpl.invoke0(Native Method)
	at sun.reflect.NativeMethodAccessorImpl.invoke(NativeMethodAccessorImpl.java:57)
	at sun.reflect.DelegatingMethodAccessorImpl.invoke(DelegatingMethodAccessorImpl.java:43)
	at java.lang.reflect.Method.invoke(Method.java:601)
	at org.apache.maven.surefire.util.ReflectionUtils.invokeMethodWithArray(ReflectionUtils.java:164)
	at org.apache.maven.surefire.booter.ProviderFactory$ProviderProxy.invoke(ProviderFactory.java:110)
	at org.apache.maven.surefire.booter.SurefireStarter.invokeProvider(SurefireStarter.java:175)
	at org.apache.maven.surefire.booter.SurefireStarter.runSuitesInProcessWhenForked(SurefireStarter.java:107)
	at org.apache.maven.surefire.booter.ForkedBooter.main(ForkedBooter.java:68)
]]>
            </full-stacktrace>
          </exception>
        </test-method>
        <test-method status="PASS" signature="setUp()[pri:0, instance:pl.testng.ch5.BookingSystem2Test@39e32cd6]" name="setUp" is-config="true" duration-ms="1" started-at="2012-08-02T21:01:33Z" finished-at="2012-08-02T21:01:33Z">
        </test-method>
        <test-method status="PASS" signature="shouldNotAllowedToAddWrongReservation(java.lang.String, java.lang.String)[pri:0, instance:pl.testng.ch5.BookingSystem2Test@39e32cd6]" name="shouldNotAllowedToAddWrongReservation" duration-ms="1" started-at="2012-08-02T21:01:33Z" finished-at="2012-08-02T21:01:33Z">
          <params>
            <param index="0">
              <value>
                <![CDATA[11:00]]>
              </value>
            </param>
            <param index="1">
              <value>
                <![CDATA[14:00]]>
              </value>
            </param>
          </params>
          <exception class="pl.testng.ch5.AlreadyReservedException">
            <full-stacktrace>
              <![CDATA[pl.testng.ch5.AlreadyReservedException
	at pl.testng.ch5.BookingSystem2.book(BookingSystem2.java:39)
	at pl.testng.ch5.BookingSystem2Test.shouldNotAllowedToAddWrongReservation(BookingSystem2Test.java:122)
	at sun.reflect.NativeMethodAccessorImpl.invoke0(Native Method)
	at sun.reflect.NativeMethodAccessorImpl.invoke(NativeMethodAccessorImpl.java:57)
	at sun.reflect.DelegatingMethodAccessorImpl.invoke(DelegatingMethodAccessorImpl.java:43)
	at java.lang.reflect.Method.invoke(Method.java:601)
	at org.testng.internal.MethodInvocationHelper.invokeMethod(MethodInvocationHelper.java:80)
	at org.testng.internal.Invoker.invokeMethod(Invoker.java:691)
	at org.testng.internal.Invoker.invokeTestMethod(Invoker.java:883)
	at org.testng.internal.Invoker.invokeTestMethods(Invoker.java:1208)
	at org.testng.internal.TestMethodWorker.invokeTestMethods(TestMethodWorker.java:127)
	at org.testng.internal.TestMethodWorker.run(TestMethodWorker.java:111)
	at org.testng.TestRunner.privateRun(TestRunner.java:758)
	at org.testng.TestRunner.run(TestRunner.java:613)
	at org.testng.SuiteRunner.runTest(SuiteRunner.java:334)
	at org.testng.SuiteRunner.runSequentially(SuiteRunner.java:329)
	at org.testng.SuiteRunner.privateRun(SuiteRunner.java:291)
	at org.testng.SuiteRunner.run(SuiteRunner.java:240)
	at org.testng.SuiteRunnerWorker.runSuite(SuiteRunnerWorker.java:53)
	at org.testng.SuiteRunnerWorker.run(SuiteRunnerWorker.java:87)
	at org.testng.TestNG.runSuitesSequentially(TestNG.java:1137)
	at org.testng.TestNG.runSuitesLocally(TestNG.java:1062)
	at org.testng.TestNG.run(TestNG.java:974)
	at org.apache.maven.surefire.testng.TestNGExecutor.run(TestNGExecutor.java:70)
	at org.apache.maven.surefire.testng.TestNGDirectoryTestSuite.executeMulti(TestNGDirectoryTestSuite.java:158)
	at org.apache.maven.surefire.testng.TestNGDirectoryTestSuite.execute(TestNGDirectoryTestSuite.java:98)
	at org.apache.maven.surefire.testng.TestNGProvider.invoke(TestNGProvider.java:111)
	at sun.reflect.NativeMethodAccessorImpl.invoke0(Native Method)
	at sun.reflect.NativeMethodAccessorImpl.invoke(NativeMethodAccessorImpl.java:57)
	at sun.reflect.DelegatingMethodAccessorImpl.invoke(DelegatingMethodAccessorImpl.java:43)
	at java.lang.reflect.Method.invoke(Method.java:601)
	at org.apache.maven.surefire.util.ReflectionUtils.invokeMethodWithArray(ReflectionUtils.java:164)
	at org.apache.maven.surefire.booter.ProviderFactory$ProviderProxy.invoke(ProviderFactory.java:110)
	at org.apache.maven.surefire.booter.SurefireStarter.invokeProvider(SurefireStarter.java:175)
	at org.apache.maven.surefire.booter.SurefireStarter.runSuitesInProcessWhenForked(SurefireStarter.java:107)
	at org.apache.maven.surefire.booter.ForkedBooter.main(ForkedBooter.java:68)
]]>
            </full-stacktrace>
          </exception>
        </test-method>
        <test-method status="PASS" signature="setUp()[pri:0, instance:pl.testng.ch5.BookingSystem2Test@39e32cd6]" name="setUp" is-config="true" duration-ms="1" started-at="2012-08-02T21:01:33Z" finished-at="2012-08-02T21:01:33Z">
        </test-method>
        <test-method status="PASS" signature="shouldNotMadeAreservationDueToCleaningHours()[pri:0, instance:pl.testng.ch5.BookingSystem2Test@39e32cd6]" name="shouldNotMadeAreservationDueToCleaningHours" duration-ms="1" started-at="2012-08-02T21:01:33Z" finished-at="2012-08-02T21:01:33Z">
          <exception class="pl.testng.ch5.MissingClassRoomException">
            <full-stacktrace>
              <![CDATA[pl.testng.ch5.MissingClassRoomException
	at pl.testng.ch5.BookingSystem2.book(BookingSystem2.java:77)
	at pl.testng.ch5.BookingSystem2Test.shouldNotMadeAreservationDueToCleaningHours(BookingSystem2Test.java:145)
	at sun.reflect.NativeMethodAccessorImpl.invoke0(Native Method)
	at sun.reflect.NativeMethodAccessorImpl.invoke(NativeMethodAccessorImpl.java:57)
	at sun.reflect.DelegatingMethodAccessorImpl.invoke(DelegatingMethodAccessorImpl.java:43)
	at java.lang.reflect.Method.invoke(Method.java:601)
	at org.testng.internal.MethodInvocationHelper.invokeMethod(MethodInvocationHelper.java:80)
	at org.testng.internal.Invoker.invokeMethod(Invoker.java:691)
	at org.testng.internal.Invoker.invokeTestMethod(Invoker.java:883)
	at org.testng.internal.Invoker.invokeTestMethods(Invoker.java:1208)
	at org.testng.internal.TestMethodWorker.invokeTestMethods(TestMethodWorker.java:127)
	at org.testng.internal.TestMethodWorker.run(TestMethodWorker.java:111)
	at org.testng.TestRunner.privateRun(TestRunner.java:758)
	at org.testng.TestRunner.run(TestRunner.java:613)
	at org.testng.SuiteRunner.runTest(SuiteRunner.java:334)
	at org.testng.SuiteRunner.runSequentially(SuiteRunner.java:329)
	at org.testng.SuiteRunner.privateRun(SuiteRunner.java:291)
	at org.testng.SuiteRunner.run(SuiteRunner.java:240)
	at org.testng.SuiteRunnerWorker.runSuite(SuiteRunnerWorker.java:53)
	at org.testng.SuiteRunnerWorker.run(SuiteRunnerWorker.java:87)
	at org.testng.TestNG.runSuitesSequentially(TestNG.java:1137)
	at org.testng.TestNG.runSuitesLocally(TestNG.java:1062)
	at org.testng.TestNG.run(TestNG.java:974)
	at org.apache.maven.surefire.testng.TestNGExecutor.run(TestNGExecutor.java:70)
	at org.apache.maven.surefire.testng.TestNGDirectoryTestSuite.executeMulti(TestNGDirectoryTestSuite.java:158)
	at org.apache.maven.surefire.testng.TestNGDirectoryTestSuite.execute(TestNGDirectoryTestSuite.java:98)
	at org.apache.maven.surefire.testng.TestNGProvider.invoke(TestNGProvider.java:111)
	at sun.reflect.NativeMethodAccessorImpl.invoke0(Native Method)
	at sun.reflect.NativeMethodAccessorImpl.invoke(NativeMethodAccessorImpl.java:57)
	at sun.reflect.DelegatingMethodAccessorImpl.invoke(DelegatingMethodAccessorImpl.java:43)
	at java.lang.reflect.Method.invoke(Method.java:601)
	at org.apache.maven.surefire.util.ReflectionUtils.invokeMethodWithArray(ReflectionUtils.java:164)
	at org.apache.maven.surefire.booter.ProviderFactory$ProviderProxy.invoke(ProviderFactory.java:110)
	at org.apache.maven.surefire.booter.SurefireStarter.invokeProvider(SurefireStarter.java:175)
	at org.apache.maven.surefire.booter.SurefireStarter.runSuitesInProcessWhenForked(SurefireStarter.java:107)
	at org.apache.maven.surefire.booter.ForkedBooter.main(ForkedBooter.java:68)
]]>
            </full-stacktrace>
          </exception>
        </test-method>
        <test-method status="PASS" signature="shouldNotMadeAreservationDueToCleaningHours2()[pri:0, instance:pl.testng.ch5.BookingSystem2Test@39e32cd6]" name="shouldNotMadeAreservationDueToCleaningHours2" duration-ms="2" started-at="2012-08-02T21:01:33Z" finished-at="2012-08-02T21:01:33Z">
          <exception class="pl.testng.ch5.AlreadyReservedException">
            <full-stacktrace>
              <![CDATA[pl.testng.ch5.AlreadyReservedException
	at pl.testng.ch5.BookingSystem2.book(BookingSystem2.java:39)
	at pl.testng.ch5.BookingSystem2Test.shouldNotMadeAreservationDueToCleaningHours2(BookingSystem2Test.java:154)
	at sun.reflect.NativeMethodAccessorImpl.invoke0(Native Method)
	at sun.reflect.NativeMethodAccessorImpl.invoke(NativeMethodAccessorImpl.java:57)
	at sun.reflect.DelegatingMethodAccessorImpl.invoke(DelegatingMethodAccessorImpl.java:43)
	at java.lang.reflect.Method.invoke(Method.java:601)
	at org.testng.internal.MethodInvocationHelper.invokeMethod(MethodInvocationHelper.java:80)
	at org.testng.internal.Invoker.invokeMethod(Invoker.java:691)
	at org.testng.internal.Invoker.invokeTestMethod(Invoker.java:883)
	at org.testng.internal.Invoker.invokeTestMethods(Invoker.java:1208)
	at org.testng.internal.TestMethodWorker.invokeTestMethods(TestMethodWorker.java:127)
	at org.testng.internal.TestMethodWorker.run(TestMethodWorker.java:111)
	at org.testng.TestRunner.privateRun(TestRunner.java:758)
	at org.testng.TestRunner.run(TestRunner.java:613)
	at org.testng.SuiteRunner.runTest(SuiteRunner.java:334)
	at org.testng.SuiteRunner.runSequentially(SuiteRunner.java:329)
	at org.testng.SuiteRunner.privateRun(SuiteRunner.java:291)
	at org.testng.SuiteRunner.run(SuiteRunner.java:240)
	at org.testng.SuiteRunnerWorker.runSuite(SuiteRunnerWorker.java:53)
	at org.testng.SuiteRunnerWorker.run(SuiteRunnerWorker.java:87)
	at org.testng.TestNG.runSuitesSequentially(TestNG.java:1137)
	at org.testng.TestNG.runSuitesLocally(TestNG.java:1062)
	at org.testng.TestNG.run(TestNG.java:974)
	at org.apache.maven.surefire.testng.TestNGExecutor.run(TestNGExecutor.java:70)
	at org.apache.maven.surefire.testng.TestNGDirectoryTestSuite.executeMulti(TestNGDirectoryTestSuite.java:158)
	at org.apache.maven.surefire.testng.TestNGDirectoryTestSuite.execute(TestNGDirectoryTestSuite.java:98)
	at org.apache.maven.surefire.testng.TestNGProvider.invoke(TestNGProvider.java:111)
	at sun.reflect.NativeMethodAccessorImpl.invoke0(Native Method)
	at sun.reflect.NativeMethodAccessorImpl.invoke(NativeMethodAccessorImpl.java:57)
	at sun.reflect.DelegatingMethodAccessorImpl.invoke(DelegatingMethodAccessorImpl.java:43)
	at java.lang.reflect.Method.invoke(Method.java:601)
	at org.apache.maven.surefire.util.ReflectionUtils.invokeMethodWithArray(ReflectionUtils.java:164)
	at org.apache.maven.surefire.booter.ProviderFactory$ProviderProxy.invoke(ProviderFactory.java:110)
	at org.apache.maven.surefire.booter.SurefireStarter.invokeProvider(SurefireStarter.java:175)
	at org.apache.maven.surefire.booter.SurefireStarter.runSuitesInProcessWhenForked(SurefireStarter.java:107)
	at org.apache.maven.surefire.booter.ForkedBooter.main(ForkedBooter.java:68)
]]>
            </full-stacktrace>
          </exception>
        </test-method>
        <test-method status="PASS" signature="setUp()[pri:0, instance:pl.testng.ch5.BookingSystem2Test@39e32cd6]" name="setUp" is-config="true" duration-ms="0" started-at="2012-08-02T21:01:33Z" finished-at="2012-08-02T21:01:33Z">
        </test-method>
        <test-method status="PASS" signature="setUp()[pri:0, instance:pl.testng.ch5.BookingSystem2Test@39e32cd6]" name="setUp" is-config="true" duration-ms="2" started-at="2012-08-02T21:01:33Z" finished-at="2012-08-02T21:01:33Z">
        </test-method>
        <test-method status="PASS" signature="shouldReturnAllExistingClassRooms()[pri:0, instance:pl.testng.ch5.BookingSystem2Test@39e32cd6]" name="shouldReturnAllExistingClassRooms" duration-ms="1" started-at="2012-08-02T21:01:33Z" finished-at="2012-08-02T21:01:33Z">
        </test-method>
        <test-method status="PASS" signature="setUp()[pri:0, instance:pl.testng.ch5.BookingSystem2Test@39e32cd6]" name="setUp" is-config="true" duration-ms="0" started-at="2012-08-02T21:01:33Z" finished-at="2012-08-02T21:01:33Z">
        </test-method>
        <test-method status="PASS" signature="shouldReturnAvailableClassRooms()[pri:0, instance:pl.testng.ch5.BookingSystem2Test@39e32cd6]" name="shouldReturnAvailableClassRooms" duration-ms="1" started-at="2012-08-02T21:01:33Z" finished-at="2012-08-02T21:01:33Z">
        </test-method>
        <test-method status="PASS" signature="setUp()[pri:0, instance:pl.testng.ch5.BookingSystem2Test@39e32cd6]" name="setUp" is-config="true" duration-ms="1" started-at="2012-08-02T21:01:33Z" finished-at="2012-08-02T21:01:33Z">
        </test-method>
        <test-method status="PASS" signature="shouldThrowExceptionCasueMissingClassRooms()[pri:0, instance:pl.testng.ch5.BookingSystem2Test@39e32cd6]" name="shouldThrowExceptionCasueMissingClassRooms" duration-ms="5" started-at="2012-08-02T21:01:33Z" finished-at="2012-08-02T21:01:33Z">
          <exception class="pl.testng.ch5.MissingClassRoomException">
            <full-stacktrace>
              <![CDATA[pl.testng.ch5.MissingClassRoomException
	at pl.testng.ch5.BookingSystem2.book(BookingSystem2.java:31)
	at pl.testng.ch5.BookingSystem2Test.shouldThrowExceptionCasueMissingClassRooms(BookingSystem2Test.java:78)
	at sun.reflect.NativeMethodAccessorImpl.invoke0(Native Method)
	at sun.reflect.NativeMethodAccessorImpl.invoke(NativeMethodAccessorImpl.java:57)
	at sun.reflect.DelegatingMethodAccessorImpl.invoke(DelegatingMethodAccessorImpl.java:43)
	at java.lang.reflect.Method.invoke(Method.java:601)
	at org.testng.internal.MethodInvocationHelper.invokeMethod(MethodInvocationHelper.java:80)
	at org.testng.internal.Invoker.invokeMethod(Invoker.java:691)
	at org.testng.internal.Invoker.invokeTestMethod(Invoker.java:883)
	at org.testng.internal.Invoker.invokeTestMethods(Invoker.java:1208)
	at org.testng.internal.TestMethodWorker.invokeTestMethods(TestMethodWorker.java:127)
	at org.testng.internal.TestMethodWorker.run(TestMethodWorker.java:111)
	at org.testng.TestRunner.privateRun(TestRunner.java:758)
	at org.testng.TestRunner.run(TestRunner.java:613)
	at org.testng.SuiteRunner.runTest(SuiteRunner.java:334)
	at org.testng.SuiteRunner.runSequentially(SuiteRunner.java:329)
	at org.testng.SuiteRunner.privateRun(SuiteRunner.java:291)
	at org.testng.SuiteRunner.run(SuiteRunner.java:240)
	at org.testng.SuiteRunnerWorker.runSuite(SuiteRunnerWorker.java:53)
	at org.testng.SuiteRunnerWorker.run(SuiteRunnerWorker.java:87)
	at org.testng.TestNG.runSuitesSequentially(TestNG.java:1137)
	at org.testng.TestNG.runSuitesLocally(TestNG.java:1062)
	at org.testng.TestNG.run(TestNG.java:974)
	at org.apache.maven.surefire.testng.TestNGExecutor.run(TestNGExecutor.java:70)
	at org.apache.maven.surefire.testng.TestNGDirectoryTestSuite.executeMulti(TestNGDirectoryTestSuite.java:158)
	at org.apache.maven.surefire.testng.TestNGDirectoryTestSuite.execute(TestNGDirectoryTestSuite.java:98)
	at org.apache.maven.surefire.testng.TestNGProvider.invoke(TestNGProvider.java:111)
	at sun.reflect.NativeMethodAccessorImpl.invoke0(Native Method)
	at sun.reflect.NativeMethodAccessorImpl.invoke(NativeMethodAccessorImpl.java:57)
	at sun.reflect.DelegatingMethodAccessorImpl.invoke(DelegatingMethodAccessorImpl.java:43)
	at java.lang.reflect.Method.invoke(Method.java:601)
	at org.apache.maven.surefire.util.ReflectionUtils.invokeMethodWithArray(ReflectionUtils.java:164)
	at org.apache.maven.surefire.booter.ProviderFactory$ProviderProxy.invoke(ProviderFactory.java:110)
	at org.apache.maven.surefire.booter.SurefireStarter.invokeProvider(SurefireStarter.java:175)
	at org.apache.maven.surefire.booter.SurefireStarter.runSuitesInProcessWhenForked(SurefireStarter.java:107)
	at org.apache.maven.surefire.booter.ForkedBooter.main(ForkedBooter.java:68)
]]>
            </full-stacktrace>
          </exception>
        </test-method>
      </class>
      <class name="pl.testng.ch4.RegexUtilTest">
        <test-method status="PASS" signature="shouldReturnValue(java.lang.String, [Ljava.lang.String;)[pri:0, instance:pl.testng.ch4.RegexUtilTest@68a48d59]" name="shouldReturnValue" duration-ms="2" started-at="2012-08-02T21:01:33Z" finished-at="2012-08-02T21:01:33Z">
          <params>
            <param index="0">
              <value>
                <![CDATA[abc12]]>
              </value>
            </param>
            <param index="1">
              <value is-null="true"/>
            </param>
          </params>
        </test-method>
        <test-method status="PASS" signature="shouldReturnValue(java.lang.String, [Ljava.lang.String;)[pri:0, instance:pl.testng.ch4.RegexUtilTest@68a48d59]" name="shouldReturnValue" duration-ms="1" started-at="2012-08-02T21:01:33Z" finished-at="2012-08-02T21:01:33Z">
          <params>
            <param index="0">
              <value>
                <![CDATA[cdefg 345 12bb23]]>
              </value>
            </param>
            <param index="1">
              <value>
                <![CDATA[[Ljava.lang.String;@22ae2593]]>
              </value>
            </param>
          </params>
        </test-method>
        <test-method status="PASS" signature="shouldReturnValue(java.lang.String, [Ljava.lang.String;)[pri:0, instance:pl.testng.ch4.RegexUtilTest@68a48d59]" name="shouldReturnValue" duration-ms="0" started-at="2012-08-02T21:01:33Z" finished-at="2012-08-02T21:01:33Z">
          <params>
            <param index="0">
              <value>
                <![CDATA[cdefg 345 12bbb23 678tt]]>
              </value>
            </param>
            <param index="1">
              <value>
                <![CDATA[[Ljava.lang.String;@5724e7ae]]>
              </value>
            </param>
          </params>
        </test-method>
        <test-method status="PASS" signature="shouldReturnValue(java.lang.String, [Ljava.lang.String;)[pri:0, instance:pl.testng.ch4.RegexUtilTest@68a48d59]" name="shouldReturnValue" duration-ms="0" started-at="2012-08-02T21:01:33Z" finished-at="2012-08-02T21:01:33Z">
          <params>
            <param index="0">
              <value>
                <![CDATA[345412]]>
              </value>
            </param>
            <param index="1">
              <value>
                <![CDATA[[Ljava.lang.String;@37e67d34]]>
              </value>
            </param>
          </params>
        </test-method>
        <test-method status="PASS" signature="shouldReturnValue(java.lang.String, [Ljava.lang.String;)[pri:0, instance:pl.testng.ch4.RegexUtilTest@68a48d59]" name="shouldReturnValue" duration-ms="0" started-at="2012-08-02T21:01:33Z" finished-at="2012-08-02T21:01:33Z">
          <params>
            <param index="0">
              <value>
                <![CDATA[3452111]]>
              </value>
            </param>
            <param index="1">
              <value>
                <![CDATA[[Ljava.lang.String;@7d25fd97]]>
              </value>
            </param>
          </params>
        </test-method>
      </class>
      <class name="pl.testng.ch4.ClassBookingSystemTest">
        <test-method status="PASS" signature="prepareSystem()[pri:0, instance:pl.testng.ch4.ClassBookingSystemTest@6ee7e2ec]" name="prepareSystem" is-config="true" duration-ms="1" started-at="2012-08-02T21:01:33Z" finished-at="2012-08-02T21:01:33Z">
        </test-method>
        <test-method status="PASS" signature="doubleBooking(java.lang.String, java.lang.String, java.lang.String, java.lang.String)[pri:0, instance:pl.testng.ch4.ClassBookingSystemTest@6ee7e2ec]" name="doubleBooking" duration-ms="3" started-at="2012-08-02T21:01:33Z" finished-at="2012-08-02T21:01:33Z">
          <params>
            <param index="0">
              <value>
                <![CDATA[11:00]]>
              </value>
            </param>
            <param index="1">
              <value>
                <![CDATA[12:00]]>
              </value>
            </param>
            <param index="2">
              <value>
                <![CDATA[11:00]]>
              </value>
            </param>
            <param index="3">
              <value>
                <![CDATA[12:00]]>
              </value>
            </param>
          </params>
          <exception class="pl.testng.ch4.IllegalReservation">
            <full-stacktrace>
              <![CDATA[pl.testng.ch4.IllegalReservation
	at pl.testng.ch4.ClassBookingSystem.addReservation(ClassBookingSystem.java:16)
	at pl.testng.ch4.ClassBookingSystemTest.doubleBooking(ClassBookingSystemTest.java:70)
	at sun.reflect.NativeMethodAccessorImpl.invoke0(Native Method)
	at sun.reflect.NativeMethodAccessorImpl.invoke(NativeMethodAccessorImpl.java:57)
	at sun.reflect.DelegatingMethodAccessorImpl.invoke(DelegatingMethodAccessorImpl.java:43)
	at java.lang.reflect.Method.invoke(Method.java:601)
	at org.testng.internal.MethodInvocationHelper.invokeMethod(MethodInvocationHelper.java:80)
	at org.testng.internal.Invoker.invokeMethod(Invoker.java:691)
	at org.testng.internal.Invoker.invokeTestMethod(Invoker.java:883)
	at org.testng.internal.Invoker.invokeTestMethods(Invoker.java:1208)
	at org.testng.internal.TestMethodWorker.invokeTestMethods(TestMethodWorker.java:127)
	at org.testng.internal.TestMethodWorker.run(TestMethodWorker.java:111)
	at org.testng.TestRunner.privateRun(TestRunner.java:758)
	at org.testng.TestRunner.run(TestRunner.java:613)
	at org.testng.SuiteRunner.runTest(SuiteRunner.java:334)
	at org.testng.SuiteRunner.runSequentially(SuiteRunner.java:329)
	at org.testng.SuiteRunner.privateRun(SuiteRunner.java:291)
	at org.testng.SuiteRunner.run(SuiteRunner.java:240)
	at org.testng.SuiteRunnerWorker.runSuite(SuiteRunnerWorker.java:53)
	at org.testng.SuiteRunnerWorker.run(SuiteRunnerWorker.java:87)
	at org.testng.TestNG.runSuitesSequentially(TestNG.java:1137)
	at org.testng.TestNG.runSuitesLocally(TestNG.java:1062)
	at org.testng.TestNG.run(TestNG.java:974)
	at org.apache.maven.surefire.testng.TestNGExecutor.run(TestNGExecutor.java:70)
	at org.apache.maven.surefire.testng.TestNGDirectoryTestSuite.executeMulti(TestNGDirectoryTestSuite.java:158)
	at org.apache.maven.surefire.testng.TestNGDirectoryTestSuite.execute(TestNGDirectoryTestSuite.java:98)
	at org.apache.maven.surefire.testng.TestNGProvider.invoke(TestNGProvider.java:111)
	at sun.reflect.NativeMethodAccessorImpl.invoke0(Native Method)
	at sun.reflect.NativeMethodAccessorImpl.invoke(NativeMethodAccessorImpl.java:57)
	at sun.reflect.DelegatingMethodAccessorImpl.invoke(DelegatingMethodAccessorImpl.java:43)
	at java.lang.reflect.Method.invoke(Method.java:601)
	at org.apache.maven.surefire.util.ReflectionUtils.invokeMethodWithArray(ReflectionUtils.java:164)
	at org.apache.maven.surefire.booter.ProviderFactory$ProviderProxy.invoke(ProviderFactory.java:110)
	at org.apache.maven.surefire.booter.SurefireStarter.invokeProvider(SurefireStarter.java:175)
	at org.apache.maven.surefire.booter.SurefireStarter.runSuitesInProcessWhenForked(SurefireStarter.java:107)
	at org.apache.maven.surefire.booter.ForkedBooter.main(ForkedBooter.java:68)
]]>
            </full-stacktrace>
          </exception>
        </test-method>
        <test-method status="PASS" signature="doubleBooking(java.lang.String, java.lang.String, java.lang.String, java.lang.String)[pri:0, instance:pl.testng.ch4.ClassBookingSystemTest@6ee7e2ec]" name="doubleBooking" duration-ms="1" started-at="2012-08-02T21:01:33Z" finished-at="2012-08-02T21:01:33Z">
          <params>
            <param index="0">
              <value>
                <![CDATA[11:00]]>
              </value>
            </param>
            <param index="1">
              <value>
                <![CDATA[12:00]]>
              </value>
            </param>
            <param index="2">
              <value>
                <![CDATA[10:00]]>
              </value>
            </param>
            <param index="3">
              <value>
                <![CDATA[13:00]]>
              </value>
            </param>
          </params>
          <exception class="pl.testng.ch4.IllegalReservation">
            <full-stacktrace>
              <![CDATA[pl.testng.ch4.IllegalReservation
	at pl.testng.ch4.ClassBookingSystem.addReservation(ClassBookingSystem.java:16)
	at pl.testng.ch4.ClassBookingSystemTest.doubleBooking(ClassBookingSystemTest.java:70)
	at sun.reflect.NativeMethodAccessorImpl.invoke0(Native Method)
	at sun.reflect.NativeMethodAccessorImpl.invoke(NativeMethodAccessorImpl.java:57)
	at sun.reflect.DelegatingMethodAccessorImpl.invoke(DelegatingMethodAccessorImpl.java:43)
	at java.lang.reflect.Method.invoke(Method.java:601)
	at org.testng.internal.MethodInvocationHelper.invokeMethod(MethodInvocationHelper.java:80)
	at org.testng.internal.Invoker.invokeMethod(Invoker.java:691)
	at org.testng.internal.Invoker.invokeTestMethod(Invoker.java:883)
	at org.testng.internal.Invoker.invokeTestMethods(Invoker.java:1208)
	at org.testng.internal.TestMethodWorker.invokeTestMethods(TestMethodWorker.java:127)
	at org.testng.internal.TestMethodWorker.run(TestMethodWorker.java:111)
	at org.testng.TestRunner.privateRun(TestRunner.java:758)
	at org.testng.TestRunner.run(TestRunner.java:613)
	at org.testng.SuiteRunner.runTest(SuiteRunner.java:334)
	at org.testng.SuiteRunner.runSequentially(SuiteRunner.java:329)
	at org.testng.SuiteRunner.privateRun(SuiteRunner.java:291)
	at org.testng.SuiteRunner.run(SuiteRunner.java:240)
	at org.testng.SuiteRunnerWorker.runSuite(SuiteRunnerWorker.java:53)
	at org.testng.SuiteRunnerWorker.run(SuiteRunnerWorker.java:87)
	at org.testng.TestNG.runSuitesSequentially(TestNG.java:1137)
	at org.testng.TestNG.runSuitesLocally(TestNG.java:1062)
	at org.testng.TestNG.run(TestNG.java:974)
	at org.apache.maven.surefire.testng.TestNGExecutor.run(TestNGExecutor.java:70)
	at org.apache.maven.surefire.testng.TestNGDirectoryTestSuite.executeMulti(TestNGDirectoryTestSuite.java:158)
	at org.apache.maven.surefire.testng.TestNGDirectoryTestSuite.execute(TestNGDirectoryTestSuite.java:98)
	at org.apache.maven.surefire.testng.TestNGProvider.invoke(TestNGProvider.java:111)
	at sun.reflect.NativeMethodAccessorImpl.invoke0(Native Method)
	at sun.reflect.NativeMethodAccessorImpl.invoke(NativeMethodAccessorImpl.java:57)
	at sun.reflect.DelegatingMethodAccessorImpl.invoke(DelegatingMethodAccessorImpl.java:43)
	at java.lang.reflect.Method.invoke(Method.java:601)
	at org.apache.maven.surefire.util.ReflectionUtils.invokeMethodWithArray(ReflectionUtils.java:164)
	at org.apache.maven.surefire.booter.ProviderFactory$ProviderProxy.invoke(ProviderFactory.java:110)
	at org.apache.maven.surefire.booter.SurefireStarter.invokeProvider(SurefireStarter.java:175)
	at org.apache.maven.surefire.booter.SurefireStarter.runSuitesInProcessWhenForked(SurefireStarter.java:107)
	at org.apache.maven.surefire.booter.ForkedBooter.main(ForkedBooter.java:68)
]]>
            </full-stacktrace>
          </exception>
        </test-method>
        <test-method status="PASS" signature="prepareSystem()[pri:0, instance:pl.testng.ch4.ClassBookingSystemTest@6ee7e2ec]" name="prepareSystem" is-config="true" duration-ms="0" started-at="2012-08-02T21:01:33Z" finished-at="2012-08-02T21:01:33Z">
        </test-method>
        <test-method status="PASS" signature="doubleBooking(java.lang.String, java.lang.String, java.lang.String, java.lang.String)[pri:0, instance:pl.testng.ch4.ClassBookingSystemTest@6ee7e2ec]" name="doubleBooking" duration-ms="1" started-at="2012-08-02T21:01:33Z" finished-at="2012-08-02T21:01:33Z">
          <params>
            <param index="0">
              <value>
                <![CDATA[11:00]]>
              </value>
            </param>
            <param index="1">
              <value>
                <![CDATA[12:00]]>
              </value>
            </param>
            <param index="2">
              <value>
                <![CDATA[11:00]]>
              </value>
            </param>
            <param index="3">
              <value>
                <![CDATA[13:00]]>
              </value>
            </param>
          </params>
          <exception class="pl.testng.ch4.IllegalReservation">
            <full-stacktrace>
              <![CDATA[pl.testng.ch4.IllegalReservation
	at pl.testng.ch4.ClassBookingSystem.addReservation(ClassBookingSystem.java:16)
	at pl.testng.ch4.ClassBookingSystemTest.doubleBooking(ClassBookingSystemTest.java:70)
	at sun.reflect.NativeMethodAccessorImpl.invoke0(Native Method)
	at sun.reflect.NativeMethodAccessorImpl.invoke(NativeMethodAccessorImpl.java:57)
	at sun.reflect.DelegatingMethodAccessorImpl.invoke(DelegatingMethodAccessorImpl.java:43)
	at java.lang.reflect.Method.invoke(Method.java:601)
	at org.testng.internal.MethodInvocationHelper.invokeMethod(MethodInvocationHelper.java:80)
	at org.testng.internal.Invoker.invokeMethod(Invoker.java:691)
	at org.testng.internal.Invoker.invokeTestMethod(Invoker.java:883)
	at org.testng.internal.Invoker.invokeTestMethods(Invoker.java:1208)
	at org.testng.internal.TestMethodWorker.invokeTestMethods(TestMethodWorker.java:127)
	at org.testng.internal.TestMethodWorker.run(TestMethodWorker.java:111)
	at org.testng.TestRunner.privateRun(TestRunner.java:758)
	at org.testng.TestRunner.run(TestRunner.java:613)
	at org.testng.SuiteRunner.runTest(SuiteRunner.java:334)
	at org.testng.SuiteRunner.runSequentially(SuiteRunner.java:329)
	at org.testng.SuiteRunner.privateRun(SuiteRunner.java:291)
	at org.testng.SuiteRunner.run(SuiteRunner.java:240)
	at org.testng.SuiteRunnerWorker.runSuite(SuiteRunnerWorker.java:53)
	at org.testng.SuiteRunnerWorker.run(SuiteRunnerWorker.java:87)
	at org.testng.TestNG.runSuitesSequentially(TestNG.java:1137)
	at org.testng.TestNG.runSuitesLocally(TestNG.java:1062)
	at org.testng.TestNG.run(TestNG.java:974)
	at org.apache.maven.surefire.testng.TestNGExecutor.run(TestNGExecutor.java:70)
	at org.apache.maven.surefire.testng.TestNGDirectoryTestSuite.executeMulti(TestNGDirectoryTestSuite.java:158)
	at org.apache.maven.surefire.testng.TestNGDirectoryTestSuite.execute(TestNGDirectoryTestSuite.java:98)
	at org.apache.maven.surefire.testng.TestNGProvider.invoke(TestNGProvider.java:111)
	at sun.reflect.NativeMethodAccessorImpl.invoke0(Native Method)
	at sun.reflect.NativeMethodAccessorImpl.invoke(NativeMethodAccessorImpl.java:57)
	at sun.reflect.DelegatingMethodAccessorImpl.invoke(DelegatingMethodAccessorImpl.java:43)
	at java.lang.reflect.Method.invoke(Method.java:601)
	at org.apache.maven.surefire.util.ReflectionUtils.invokeMethodWithArray(ReflectionUtils.java:164)
	at org.apache.maven.surefire.booter.ProviderFactory$ProviderProxy.invoke(ProviderFactory.java:110)
	at org.apache.maven.surefire.booter.SurefireStarter.invokeProvider(SurefireStarter.java:175)
	at org.apache.maven.surefire.booter.SurefireStarter.runSuitesInProcessWhenForked(SurefireStarter.java:107)
	at org.apache.maven.surefire.booter.ForkedBooter.main(ForkedBooter.java:68)
]]>
            </full-stacktrace>
          </exception>
        </test-method>
        <test-method status="PASS" signature="prepareSystem()[pri:0, instance:pl.testng.ch4.ClassBookingSystemTest@6ee7e2ec]" name="prepareSystem" is-config="true" duration-ms="0" started-at="2012-08-02T21:01:33Z" finished-at="2012-08-02T21:01:33Z">
        </test-method>
        <test-method status="PASS" signature="doubleBooking(java.lang.String, java.lang.String, java.lang.String, java.lang.String)[pri:0, instance:pl.testng.ch4.ClassBookingSystemTest@6ee7e2ec]" name="doubleBooking" duration-ms="1" started-at="2012-08-02T21:01:33Z" finished-at="2012-08-02T21:01:33Z">
          <params>
            <param index="0">
              <value>
                <![CDATA[11:00]]>
              </value>
            </param>
            <param index="1">
              <value>
                <![CDATA[12:00]]>
              </value>
            </param>
            <param index="2">
              <value>
                <![CDATA[10:00]]>
              </value>
            </param>
            <param index="3">
              <value>
                <![CDATA[12:00]]>
              </value>
            </param>
          </params>
          <exception class="pl.testng.ch4.IllegalReservation">
            <full-stacktrace>
              <![CDATA[pl.testng.ch4.IllegalReservation
	at pl.testng.ch4.ClassBookingSystem.addReservation(ClassBookingSystem.java:16)
	at pl.testng.ch4.ClassBookingSystemTest.doubleBooking(ClassBookingSystemTest.java:70)
	at sun.reflect.NativeMethodAccessorImpl.invoke0(Native Method)
	at sun.reflect.NativeMethodAccessorImpl.invoke(NativeMethodAccessorImpl.java:57)
	at sun.reflect.DelegatingMethodAccessorImpl.invoke(DelegatingMethodAccessorImpl.java:43)
	at java.lang.reflect.Method.invoke(Method.java:601)
	at org.testng.internal.MethodInvocationHelper.invokeMethod(MethodInvocationHelper.java:80)
	at org.testng.internal.Invoker.invokeMethod(Invoker.java:691)
	at org.testng.internal.Invoker.invokeTestMethod(Invoker.java:883)
	at org.testng.internal.Invoker.invokeTestMethods(Invoker.java:1208)
	at org.testng.internal.TestMethodWorker.invokeTestMethods(TestMethodWorker.java:127)
	at org.testng.internal.TestMethodWorker.run(TestMethodWorker.java:111)
	at org.testng.TestRunner.privateRun(TestRunner.java:758)
	at org.testng.TestRunner.run(TestRunner.java:613)
	at org.testng.SuiteRunner.runTest(SuiteRunner.java:334)
	at org.testng.SuiteRunner.runSequentially(SuiteRunner.java:329)
	at org.testng.SuiteRunner.privateRun(SuiteRunner.java:291)
	at org.testng.SuiteRunner.run(SuiteRunner.java:240)
	at org.testng.SuiteRunnerWorker.runSuite(SuiteRunnerWorker.java:53)
	at org.testng.SuiteRunnerWorker.run(SuiteRunnerWorker.java:87)
	at org.testng.TestNG.runSuitesSequentially(TestNG.java:1137)
	at org.testng.TestNG.runSuitesLocally(TestNG.java:1062)
	at org.testng.TestNG.run(TestNG.java:974)
	at org.apache.maven.surefire.testng.TestNGExecutor.run(TestNGExecutor.java:70)
	at org.apache.maven.surefire.testng.TestNGDirectoryTestSuite.executeMulti(TestNGDirectoryTestSuite.java:158)
	at org.apache.maven.surefire.testng.TestNGDirectoryTestSuite.execute(TestNGDirectoryTestSuite.java:98)
	at org.apache.maven.surefire.testng.TestNGProvider.invoke(TestNGProvider.java:111)
	at sun.reflect.NativeMethodAccessorImpl.invoke0(Native Method)
	at sun.reflect.NativeMethodAccessorImpl.invoke(NativeMethodAccessorImpl.java:57)
	at sun.reflect.DelegatingMethodAccessorImpl.invoke(DelegatingMethodAccessorImpl.java:43)
	at java.lang.reflect.Method.invoke(Method.java:601)
	at org.apache.maven.surefire.util.ReflectionUtils.invokeMethodWithArray(ReflectionUtils.java:164)
	at org.apache.maven.surefire.booter.ProviderFactory$ProviderProxy.invoke(ProviderFactory.java:110)
	at org.apache.maven.surefire.booter.SurefireStarter.invokeProvider(SurefireStarter.java:175)
	at org.apache.maven.surefire.booter.SurefireStarter.runSuitesInProcessWhenForked(SurefireStarter.java:107)
	at org.apache.maven.surefire.booter.ForkedBooter.main(ForkedBooter.java:68)
]]>
            </full-stacktrace>
          </exception>
        </test-method>
        <test-method status="PASS" signature="prepareSystem()[pri:0, instance:pl.testng.ch4.ClassBookingSystemTest@6ee7e2ec]" name="prepareSystem" is-config="true" duration-ms="0" started-at="2012-08-02T21:01:33Z" finished-at="2012-08-02T21:01:33Z">
        </test-method>
        <test-method status="PASS" signature="prepareSystem()[pri:0, instance:pl.testng.ch4.ClassBookingSystemTest@6ee7e2ec]" name="prepareSystem" is-config="true" duration-ms="0" started-at="2012-08-02T21:01:33Z" finished-at="2012-08-02T21:01:33Z">
        </test-method>
        <test-method status="PASS" signature="shouldReturnReservation()[pri:0, instance:pl.testng.ch4.ClassBookingSystemTest@6ee7e2ec]" name="shouldReturnReservation" duration-ms="1" started-at="2012-08-02T21:01:33Z" finished-at="2012-08-02T21:01:33Z">
        </test-method>
        <test-method status="PASS" signature="prepareSystem()[pri:0, instance:pl.testng.ch4.ClassBookingSystemTest@6ee7e2ec]" name="prepareSystem" is-config="true" duration-ms="1" started-at="2012-08-02T21:01:33Z" finished-at="2012-08-02T21:01:33Z">
        </test-method>
        <test-method status="PASS" signature="shouldReturnReservations(java.lang.String, java.lang.String, java.lang.String, java.lang.String)[pri:0, instance:pl.testng.ch4.ClassBookingSystemTest@6ee7e2ec]" name="shouldReturnReservations" duration-ms="1" started-at="2012-08-02T21:01:33Z" finished-at="2012-08-02T21:01:33Z">
          <params>
            <param index="0">
              <value>
                <![CDATA[11:00]]>
              </value>
            </param>
            <param index="1">
              <value>
                <![CDATA[12:00]]>
              </value>
            </param>
            <param index="2">
              <value>
                <![CDATA[12:00]]>
              </value>
            </param>
            <param index="3">
              <value>
                <![CDATA[14:00]]>
              </value>
            </param>
          </params>
        </test-method>
        <test-method status="PASS" signature="prepareSystem()[pri:0, instance:pl.testng.ch4.ClassBookingSystemTest@6ee7e2ec]" name="prepareSystem" is-config="true" duration-ms="0" started-at="2012-08-02T21:01:33Z" finished-at="2012-08-02T21:01:33Z">
        </test-method>
        <test-method status="PASS" signature="shouldReturnReservations(java.lang.String, java.lang.String, java.lang.String, java.lang.String)[pri:0, instance:pl.testng.ch4.ClassBookingSystemTest@6ee7e2ec]" name="shouldReturnReservations" duration-ms="1" started-at="2012-08-02T21:01:33Z" finished-at="2012-08-02T21:01:33Z">
          <params>
            <param index="0">
              <value>
                <![CDATA[12:00]]>
              </value>
            </param>
            <param index="1">
              <value>
                <![CDATA[14:00]]>
              </value>
            </param>
            <param index="2">
              <value>
                <![CDATA[11:00]]>
              </value>
            </param>
            <param index="3">
              <value>
                <![CDATA[12:00]]>
              </value>
            </param>
          </params>
        </test-method>
        <test-method status="PASS" signature="prepareSystem()[pri:0, instance:pl.testng.ch4.ClassBookingSystemTest@6ee7e2ec]" name="prepareSystem" is-config="true" duration-ms="1" started-at="2012-08-02T21:01:33Z" finished-at="2012-08-02T21:01:33Z">
        </test-method>
        <test-method status="PASS" signature="shouldReturnReservations(java.lang.String, java.lang.String, java.lang.String, java.lang.String)[pri:0, instance:pl.testng.ch4.ClassBookingSystemTest@6ee7e2ec]" name="shouldReturnReservations" duration-ms="1" started-at="2012-08-02T21:01:33Z" finished-at="2012-08-02T21:01:33Z">
          <params>
            <param index="0">
              <value>
                <![CDATA[09:00]]>
              </value>
            </param>
            <param index="1">
              <value>
                <![CDATA[12:00]]>
              </value>
            </param>
            <param index="2">
              <value>
                <![CDATA[12:00]]>
              </value>
            </param>
            <param index="3">
              <value>
                <![CDATA[13:00]]>
              </value>
            </param>
          </params>
        </test-method>
        <test-method status="PASS" signature="prepareSystem()[pri:0, instance:pl.testng.ch4.ClassBookingSystemTest@6ee7e2ec]" name="prepareSystem" is-config="true" duration-ms="0" started-at="2012-08-02T21:01:33Z" finished-at="2012-08-02T21:01:33Z">
        </test-method>
        <test-method status="PASS" signature="testInitializationReservation()[pri:0, instance:pl.testng.ch4.ClassBookingSystemTest@6ee7e2ec]" name="testInitializationReservation" duration-ms="1" started-at="2012-08-02T21:01:33Z" finished-at="2012-08-02T21:01:33Z">
        </test-method>
        <test-method status="PASS" signature="wrongDatePattern()[pri:0, instance:pl.testng.ch4.ClassBookingSystemTest@6ee7e2ec]" name="wrongDatePattern" duration-ms="1" started-at="2012-08-02T21:01:33Z" finished-at="2012-08-02T21:01:33Z">
          <exception class="pl.testng.ch4.IllegalReservation">
            <full-stacktrace>
              <![CDATA[pl.testng.ch4.IllegalReservation
	at pl.testng.ch4.Reservation.<init>(Reservation.java:31)
	at pl.testng.ch4.ClassBookingSystem.addReservation(ClassBookingSystem.java:12)
	at pl.testng.ch4.ClassBookingSystemTest.wrongDatePattern(ClassBookingSystemTest.java:61)
	at sun.reflect.NativeMethodAccessorImpl.invoke0(Native Method)
	at sun.reflect.NativeMethodAccessorImpl.invoke(NativeMethodAccessorImpl.java:57)
	at sun.reflect.DelegatingMethodAccessorImpl.invoke(DelegatingMethodAccessorImpl.java:43)
	at java.lang.reflect.Method.invoke(Method.java:601)
	at org.testng.internal.MethodInvocationHelper.invokeMethod(MethodInvocationHelper.java:80)
	at org.testng.internal.Invoker.invokeMethod(Invoker.java:691)
	at org.testng.internal.Invoker.invokeTestMethod(Invoker.java:883)
	at org.testng.internal.Invoker.invokeTestMethods(Invoker.java:1208)
	at org.testng.internal.TestMethodWorker.invokeTestMethods(TestMethodWorker.java:127)
	at org.testng.internal.TestMethodWorker.run(TestMethodWorker.java:111)
	at org.testng.TestRunner.privateRun(TestRunner.java:758)
	at org.testng.TestRunner.run(TestRunner.java:613)
	at org.testng.SuiteRunner.runTest(SuiteRunner.java:334)
	at org.testng.SuiteRunner.runSequentially(SuiteRunner.java:329)
	at org.testng.SuiteRunner.privateRun(SuiteRunner.java:291)
	at org.testng.SuiteRunner.run(SuiteRunner.java:240)
	at org.testng.SuiteRunnerWorker.runSuite(SuiteRunnerWorker.java:53)
	at org.testng.SuiteRunnerWorker.run(SuiteRunnerWorker.java:87)
	at org.testng.TestNG.runSuitesSequentially(TestNG.java:1137)
	at org.testng.TestNG.runSuitesLocally(TestNG.java:1062)
	at org.testng.TestNG.run(TestNG.java:974)
	at org.apache.maven.surefire.testng.TestNGExecutor.run(TestNGExecutor.java:70)
	at org.apache.maven.surefire.testng.TestNGDirectoryTestSuite.executeMulti(TestNGDirectoryTestSuite.java:158)
	at org.apache.maven.surefire.testng.TestNGDirectoryTestSuite.execute(TestNGDirectoryTestSuite.java:98)
	at org.apache.maven.surefire.testng.TestNGProvider.invoke(TestNGProvider.java:111)
	at sun.reflect.NativeMethodAccessorImpl.invoke0(Native Method)
	at sun.reflect.NativeMethodAccessorImpl.invoke(NativeMethodAccessorImpl.java:57)
	at sun.reflect.DelegatingMethodAccessorImpl.invoke(DelegatingMethodAccessorImpl.java:43)
	at java.lang.reflect.Method.invoke(Method.java:601)
	at org.apache.maven.surefire.util.ReflectionUtils.invokeMethodWithArray(ReflectionUtils.java:164)
	at org.apache.maven.surefire.booter.ProviderFactory$ProviderProxy.invoke(ProviderFactory.java:110)
	at org.apache.maven.surefire.booter.SurefireStarter.invokeProvider(SurefireStarter.java:175)
	at org.apache.maven.surefire.booter.SurefireStarter.runSuitesInProcessWhenForked(SurefireStarter.java:107)
	at org.apache.maven.surefire.booter.ForkedBooter.main(ForkedBooter.java:68)
]]>
            </full-stacktrace>
          </exception>
        </test-method>
        <test-method status="PASS" signature="prepareSystem()[pri:0, instance:pl.testng.ch4.ClassBookingSystemTest@6ee7e2ec]" name="prepareSystem" is-config="true" duration-ms="0" started-at="2012-08-02T21:01:33Z" finished-at="2012-08-02T21:01:33Z">
        </test-method>
        <test-method status="PASS" signature="prepareSystem()[pri:0, instance:pl.testng.ch4.ClassBookingSystemTest@6ee7e2ec]" name="prepareSystem" is-config="true" duration-ms="0" started-at="2012-08-02T21:01:33Z" finished-at="2012-08-02T21:01:33Z">
        </test-method>
        <test-method status="PASS" signature="wrongInitializationReservation(java.lang.String, java.lang.String)[pri:0, instance:pl.testng.ch4.ClassBookingSystemTest@6ee7e2ec]" name="wrongInitializationReservation" duration-ms="1" started-at="2012-08-02T21:01:33Z" finished-at="2012-08-02T21:01:33Z">
          <params>
            <param index="0">
              <value>
                <![CDATA[11:30]]>
              </value>
            </param>
            <param index="1">
              <value>
                <![CDATA[12:00]]>
              </value>
            </param>
          </params>
          <exception class="pl.testng.ch4.IllegalReservation">
            <full-stacktrace>
              <![CDATA[pl.testng.ch4.IllegalReservation
	at pl.testng.ch4.Reservation.<init>(Reservation.java:31)
	at pl.testng.ch4.ClassBookingSystemTest.wrongInitializationReservation(ClassBookingSystemTest.java:81)
	at sun.reflect.NativeMethodAccessorImpl.invoke0(Native Method)
	at sun.reflect.NativeMethodAccessorImpl.invoke(NativeMethodAccessorImpl.java:57)
	at sun.reflect.DelegatingMethodAccessorImpl.invoke(DelegatingMethodAccessorImpl.java:43)
	at java.lang.reflect.Method.invoke(Method.java:601)
	at org.testng.internal.MethodInvocationHelper.invokeMethod(MethodInvocationHelper.java:80)
	at org.testng.internal.Invoker.invokeMethod(Invoker.java:691)
	at org.testng.internal.Invoker.invokeTestMethod(Invoker.java:883)
	at org.testng.internal.Invoker.invokeTestMethods(Invoker.java:1208)
	at org.testng.internal.TestMethodWorker.invokeTestMethods(TestMethodWorker.java:127)
	at org.testng.internal.TestMethodWorker.run(TestMethodWorker.java:111)
	at org.testng.TestRunner.privateRun(TestRunner.java:758)
	at org.testng.TestRunner.run(TestRunner.java:613)
	at org.testng.SuiteRunner.runTest(SuiteRunner.java:334)
	at org.testng.SuiteRunner.runSequentially(SuiteRunner.java:329)
	at org.testng.SuiteRunner.privateRun(SuiteRunner.java:291)
	at org.testng.SuiteRunner.run(SuiteRunner.java:240)
	at org.testng.SuiteRunnerWorker.runSuite(SuiteRunnerWorker.java:53)
	at org.testng.SuiteRunnerWorker.run(SuiteRunnerWorker.java:87)
	at org.testng.TestNG.runSuitesSequentially(TestNG.java:1137)
	at org.testng.TestNG.runSuitesLocally(TestNG.java:1062)
	at org.testng.TestNG.run(TestNG.java:974)
	at org.apache.maven.surefire.testng.TestNGExecutor.run(TestNGExecutor.java:70)
	at org.apache.maven.surefire.testng.TestNGDirectoryTestSuite.executeMulti(TestNGDirectoryTestSuite.java:158)
	at org.apache.maven.surefire.testng.TestNGDirectoryTestSuite.execute(TestNGDirectoryTestSuite.java:98)
	at org.apache.maven.surefire.testng.TestNGProvider.invoke(TestNGProvider.java:111)
	at sun.reflect.NativeMethodAccessorImpl.invoke0(Native Method)
	at sun.reflect.NativeMethodAccessorImpl.invoke(NativeMethodAccessorImpl.java:57)
	at sun.reflect.DelegatingMethodAccessorImpl.invoke(DelegatingMethodAccessorImpl.java:43)
	at java.lang.reflect.Method.invoke(Method.java:601)
	at org.apache.maven.surefire.util.ReflectionUtils.invokeMethodWithArray(ReflectionUtils.java:164)
	at org.apache.maven.surefire.booter.ProviderFactory$ProviderProxy.invoke(ProviderFactory.java:110)
	at org.apache.maven.surefire.booter.SurefireStarter.invokeProvider(SurefireStarter.java:175)
	at org.apache.maven.surefire.booter.SurefireStarter.runSuitesInProcessWhenForked(SurefireStarter.java:107)
	at org.apache.maven.surefire.booter.ForkedBooter.main(ForkedBooter.java:68)
]]>
            </full-stacktrace>
          </exception>
        </test-method>
        <test-method status="PASS" signature="wrongInitializationReservation(java.lang.String, java.lang.String)[pri:0, instance:pl.testng.ch4.ClassBookingSystemTest@6ee7e2ec]" name="wrongInitializationReservation" duration-ms="1" started-at="2012-08-02T21:01:33Z" finished-at="2012-08-02T21:01:33Z">
          <params>
            <param index="0">
              <value>
                <![CDATA[11:00]]>
              </value>
            </param>
            <param index="1">
              <value>
                <![CDATA[12:30]]>
              </value>
            </param>
          </params>
          <exception class="pl.testng.ch4.IllegalReservation">
            <full-stacktrace>
              <![CDATA[pl.testng.ch4.IllegalReservation
	at pl.testng.ch4.Reservation.<init>(Reservation.java:31)
	at pl.testng.ch4.ClassBookingSystemTest.wrongInitializationReservation(ClassBookingSystemTest.java:81)
	at sun.reflect.NativeMethodAccessorImpl.invoke0(Native Method)
	at sun.reflect.NativeMethodAccessorImpl.invoke(NativeMethodAccessorImpl.java:57)
	at sun.reflect.DelegatingMethodAccessorImpl.invoke(DelegatingMethodAccessorImpl.java:43)
	at java.lang.reflect.Method.invoke(Method.java:601)
	at org.testng.internal.MethodInvocationHelper.invokeMethod(MethodInvocationHelper.java:80)
	at org.testng.internal.Invoker.invokeMethod(Invoker.java:691)
	at org.testng.internal.Invoker.invokeTestMethod(Invoker.java:883)
	at org.testng.internal.Invoker.invokeTestMethods(Invoker.java:1208)
	at org.testng.internal.TestMethodWorker.invokeTestMethods(TestMethodWorker.java:127)
	at org.testng.internal.TestMethodWorker.run(TestMethodWorker.java:111)
	at org.testng.TestRunner.privateRun(TestRunner.java:758)
	at org.testng.TestRunner.run(TestRunner.java:613)
	at org.testng.SuiteRunner.runTest(SuiteRunner.java:334)
	at org.testng.SuiteRunner.runSequentially(SuiteRunner.java:329)
	at org.testng.SuiteRunner.privateRun(SuiteRunner.java:291)
	at org.testng.SuiteRunner.run(SuiteRunner.java:240)
	at org.testng.SuiteRunnerWorker.runSuite(SuiteRunnerWorker.java:53)
	at org.testng.SuiteRunnerWorker.run(SuiteRunnerWorker.java:87)
	at org.testng.TestNG.runSuitesSequentially(TestNG.java:1137)
	at org.testng.TestNG.runSuitesLocally(TestNG.java:1062)
	at org.testng.TestNG.run(TestNG.java:974)
	at org.apache.maven.surefire.testng.TestNGExecutor.run(TestNGExecutor.java:70)
	at org.apache.maven.surefire.testng.TestNGDirectoryTestSuite.executeMulti(TestNGDirectoryTestSuite.java:158)
	at org.apache.maven.surefire.testng.TestNGDirectoryTestSuite.execute(TestNGDirectoryTestSuite.java:98)
	at org.apache.maven.surefire.testng.TestNGProvider.invoke(TestNGProvider.java:111)
	at sun.reflect.NativeMethodAccessorImpl.invoke0(Native Method)
	at sun.reflect.NativeMethodAccessorImpl.invoke(NativeMethodAccessorImpl.java:57)
	at sun.reflect.DelegatingMethodAccessorImpl.invoke(DelegatingMethodAccessorImpl.java:43)
	at java.lang.reflect.Method.invoke(Method.java:601)
	at org.apache.maven.surefire.util.ReflectionUtils.invokeMethodWithArray(ReflectionUtils.java:164)
	at org.apache.maven.surefire.booter.ProviderFactory$ProviderProxy.invoke(ProviderFactory.java:110)
	at org.apache.maven.surefire.booter.SurefireStarter.invokeProvider(SurefireStarter.java:175)
	at org.apache.maven.surefire.booter.SurefireStarter.runSuitesInProcessWhenForked(SurefireStarter.java:107)
	at org.apache.maven.surefire.booter.ForkedBooter.main(ForkedBooter.java:68)
]]>
            </full-stacktrace>
          </exception>
        </test-method>
        <test-method status="PASS" signature="prepareSystem()[pri:0, instance:pl.testng.ch4.ClassBookingSystemTest@6ee7e2ec]" name="prepareSystem" is-config="true" duration-ms="0" started-at="2012-08-02T21:01:33Z" finished-at="2012-08-02T21:01:33Z">
        </test-method>
        <test-method status="PASS" signature="prepareSystem()[pri:0, instance:pl.testng.ch4.ClassBookingSystemTest@6ee7e2ec]" name="prepareSystem" is-config="true" duration-ms="0" started-at="2012-08-02T21:01:33Z" finished-at="2012-08-02T21:01:33Z">
        </test-method>
        <test-method status="PASS" signature="wrongInitializationReservation(java.lang.String, java.lang.String)[pri:0, instance:pl.testng.ch4.ClassBookingSystemTest@6ee7e2ec]" name="wrongInitializationReservation" duration-ms="1" started-at="2012-08-02T21:01:33Z" finished-at="2012-08-02T21:01:33Z">
          <params>
            <param index="0">
              <value>
                <![CDATA[11:00]]>
              </value>
            </param>
            <param index="1">
              <value>
                <![CDATA[12:05]]>
              </value>
            </param>
          </params>
          <exception class="pl.testng.ch4.IllegalReservation">
            <full-stacktrace>
              <![CDATA[pl.testng.ch4.IllegalReservation
	at pl.testng.ch4.Reservation.<init>(Reservation.java:31)
	at pl.testng.ch4.ClassBookingSystemTest.wrongInitializationReservation(ClassBookingSystemTest.java:81)
	at sun.reflect.NativeMethodAccessorImpl.invoke0(Native Method)
	at sun.reflect.NativeMethodAccessorImpl.invoke(NativeMethodAccessorImpl.java:57)
	at sun.reflect.DelegatingMethodAccessorImpl.invoke(DelegatingMethodAccessorImpl.java:43)
	at java.lang.reflect.Method.invoke(Method.java:601)
	at org.testng.internal.MethodInvocationHelper.invokeMethod(MethodInvocationHelper.java:80)
	at org.testng.internal.Invoker.invokeMethod(Invoker.java:691)
	at org.testng.internal.Invoker.invokeTestMethod(Invoker.java:883)
	at org.testng.internal.Invoker.invokeTestMethods(Invoker.java:1208)
	at org.testng.internal.TestMethodWorker.invokeTestMethods(TestMethodWorker.java:127)
	at org.testng.internal.TestMethodWorker.run(TestMethodWorker.java:111)
	at org.testng.TestRunner.privateRun(TestRunner.java:758)
	at org.testng.TestRunner.run(TestRunner.java:613)
	at org.testng.SuiteRunner.runTest(SuiteRunner.java:334)
	at org.testng.SuiteRunner.runSequentially(SuiteRunner.java:329)
	at org.testng.SuiteRunner.privateRun(SuiteRunner.java:291)
	at org.testng.SuiteRunner.run(SuiteRunner.java:240)
	at org.testng.SuiteRunnerWorker.runSuite(SuiteRunnerWorker.java:53)
	at org.testng.SuiteRunnerWorker.run(SuiteRunnerWorker.java:87)
	at org.testng.TestNG.runSuitesSequentially(TestNG.java:1137)
	at org.testng.TestNG.runSuitesLocally(TestNG.java:1062)
	at org.testng.TestNG.run(TestNG.java:974)
	at org.apache.maven.surefire.testng.TestNGExecutor.run(TestNGExecutor.java:70)
	at org.apache.maven.surefire.testng.TestNGDirectoryTestSuite.executeMulti(TestNGDirectoryTestSuite.java:158)
	at org.apache.maven.surefire.testng.TestNGDirectoryTestSuite.execute(TestNGDirectoryTestSuite.java:98)
	at org.apache.maven.surefire.testng.TestNGProvider.invoke(TestNGProvider.java:111)
	at sun.reflect.NativeMethodAccessorImpl.invoke0(Native Method)
	at sun.reflect.NativeMethodAccessorImpl.invoke(NativeMethodAccessorImpl.java:57)
	at sun.reflect.DelegatingMethodAccessorImpl.invoke(DelegatingMethodAccessorImpl.java:43)
	at java.lang.reflect.Method.invoke(Method.java:601)
	at org.apache.maven.surefire.util.ReflectionUtils.invokeMethodWithArray(ReflectionUtils.java:164)
	at org.apache.maven.surefire.booter.ProviderFactory$ProviderProxy.invoke(ProviderFactory.java:110)
	at org.apache.maven.surefire.booter.SurefireStarter.invokeProvider(SurefireStarter.java:175)
	at org.apache.maven.surefire.booter.SurefireStarter.runSuitesInProcessWhenForked(SurefireStarter.java:107)
	at org.apache.maven.surefire.booter.ForkedBooter.main(ForkedBooter.java:68)
]]>
            </full-stacktrace>
          </exception>
        </test-method>
        <test-method status="PASS" signature="wrongInitializationReservation(java.lang.String, java.lang.String)[pri:0, instance:pl.testng.ch4.ClassBookingSystemTest@6ee7e2ec]" name="wrongInitializationReservation" duration-ms="1" started-at="2012-08-02T21:01:33Z" finished-at="2012-08-02T21:01:33Z">
          <params>
            <param index="0">
              <value>
                <![CDATA[11:05]]>
              </value>
            </param>
            <param index="1">
              <value>
                <![CDATA[12:00]]>
              </value>
            </param>
          </params>
          <exception class="pl.testng.ch4.IllegalReservation">
            <full-stacktrace>
              <![CDATA[pl.testng.ch4.IllegalReservation
	at pl.testng.ch4.Reservation.<init>(Reservation.java:31)
	at pl.testng.ch4.ClassBookingSystemTest.wrongInitializationReservation(ClassBookingSystemTest.java:81)
	at sun.reflect.NativeMethodAccessorImpl.invoke0(Native Method)
	at sun.reflect.NativeMethodAccessorImpl.invoke(NativeMethodAccessorImpl.java:57)
	at sun.reflect.DelegatingMethodAccessorImpl.invoke(DelegatingMethodAccessorImpl.java:43)
	at java.lang.reflect.Method.invoke(Method.java:601)
	at org.testng.internal.MethodInvocationHelper.invokeMethod(MethodInvocationHelper.java:80)
	at org.testng.internal.Invoker.invokeMethod(Invoker.java:691)
	at org.testng.internal.Invoker.invokeTestMethod(Invoker.java:883)
	at org.testng.internal.Invoker.invokeTestMethods(Invoker.java:1208)
	at org.testng.internal.TestMethodWorker.invokeTestMethods(TestMethodWorker.java:127)
	at org.testng.internal.TestMethodWorker.run(TestMethodWorker.java:111)
	at org.testng.TestRunner.privateRun(TestRunner.java:758)
	at org.testng.TestRunner.run(TestRunner.java:613)
	at org.testng.SuiteRunner.runTest(SuiteRunner.java:334)
	at org.testng.SuiteRunner.runSequentially(SuiteRunner.java:329)
	at org.testng.SuiteRunner.privateRun(SuiteRunner.java:291)
	at org.testng.SuiteRunner.run(SuiteRunner.java:240)
	at org.testng.SuiteRunnerWorker.runSuite(SuiteRunnerWorker.java:53)
	at org.testng.SuiteRunnerWorker.run(SuiteRunnerWorker.java:87)
	at org.testng.TestNG.runSuitesSequentially(TestNG.java:1137)
	at org.testng.TestNG.runSuitesLocally(TestNG.java:1062)
	at org.testng.TestNG.run(TestNG.java:974)
	at org.apache.maven.surefire.testng.TestNGExecutor.run(TestNGExecutor.java:70)
	at org.apache.maven.surefire.testng.TestNGDirectoryTestSuite.executeMulti(TestNGDirectoryTestSuite.java:158)
	at org.apache.maven.surefire.testng.TestNGDirectoryTestSuite.execute(TestNGDirectoryTestSuite.java:98)
	at org.apache.maven.surefire.testng.TestNGProvider.invoke(TestNGProvider.java:111)
	at sun.reflect.NativeMethodAccessorImpl.invoke0(Native Method)
	at sun.reflect.NativeMethodAccessorImpl.invoke(NativeMethodAccessorImpl.java:57)
	at sun.reflect.DelegatingMethodAccessorImpl.invoke(DelegatingMethodAccessorImpl.java:43)
	at java.lang.reflect.Method.invoke(Method.java:601)
	at org.apache.maven.surefire.util.ReflectionUtils.invokeMethodWithArray(ReflectionUtils.java:164)
	at org.apache.maven.surefire.booter.ProviderFactory$ProviderProxy.invoke(ProviderFactory.java:110)
	at org.apache.maven.surefire.booter.SurefireStarter.invokeProvider(SurefireStarter.java:175)
	at org.apache.maven.surefire.booter.SurefireStarter.runSuitesInProcessWhenForked(SurefireStarter.java:107)
	at org.apache.maven.surefire.booter.ForkedBooter.main(ForkedBooter.java:68)
]]>
            </full-stacktrace>
          </exception>
        </test-method>
        <test-method status="PASS" signature="prepareSystem()[pri:0, instance:pl.testng.ch4.ClassBookingSystemTest@6ee7e2ec]" name="prepareSystem" is-config="true" duration-ms="0" started-at="2012-08-02T21:01:33Z" finished-at="2012-08-02T21:01:33Z">
        </test-method>
        <test-method status="PASS" signature="wrongInitializationReservation(java.lang.String, java.lang.String)[pri:0, instance:pl.testng.ch4.ClassBookingSystemTest@6ee7e2ec]" name="wrongInitializationReservation" duration-ms="1" started-at="2012-08-02T21:01:33Z" finished-at="2012-08-02T21:01:33Z">
          <params>
            <param index="0">
              <value>
                <![CDATA[11:00]]>
              </value>
            </param>
            <param index="1">
              <value>
                <![CDATA[aaaa]]>
              </value>
            </param>
          </params>
          <exception class="pl.testng.ch4.IllegalReservation">
            <full-stacktrace>
              <![CDATA[pl.testng.ch4.IllegalReservation
	at pl.testng.ch4.Reservation.<init>(Reservation.java:28)
	at pl.testng.ch4.ClassBookingSystemTest.wrongInitializationReservation(ClassBookingSystemTest.java:81)
	at sun.reflect.NativeMethodAccessorImpl.invoke0(Native Method)
	at sun.reflect.NativeMethodAccessorImpl.invoke(NativeMethodAccessorImpl.java:57)
	at sun.reflect.DelegatingMethodAccessorImpl.invoke(DelegatingMethodAccessorImpl.java:43)
	at java.lang.reflect.Method.invoke(Method.java:601)
	at org.testng.internal.MethodInvocationHelper.invokeMethod(MethodInvocationHelper.java:80)
	at org.testng.internal.Invoker.invokeMethod(Invoker.java:691)
	at org.testng.internal.Invoker.invokeTestMethod(Invoker.java:883)
	at org.testng.internal.Invoker.invokeTestMethods(Invoker.java:1208)
	at org.testng.internal.TestMethodWorker.invokeTestMethods(TestMethodWorker.java:127)
	at org.testng.internal.TestMethodWorker.run(TestMethodWorker.java:111)
	at org.testng.TestRunner.privateRun(TestRunner.java:758)
	at org.testng.TestRunner.run(TestRunner.java:613)
	at org.testng.SuiteRunner.runTest(SuiteRunner.java:334)
	at org.testng.SuiteRunner.runSequentially(SuiteRunner.java:329)
	at org.testng.SuiteRunner.privateRun(SuiteRunner.java:291)
	at org.testng.SuiteRunner.run(SuiteRunner.java:240)
	at org.testng.SuiteRunnerWorker.runSuite(SuiteRunnerWorker.java:53)
	at org.testng.SuiteRunnerWorker.run(SuiteRunnerWorker.java:87)
	at org.testng.TestNG.runSuitesSequentially(TestNG.java:1137)
	at org.testng.TestNG.runSuitesLocally(TestNG.java:1062)
	at org.testng.TestNG.run(TestNG.java:974)
	at org.apache.maven.surefire.testng.TestNGExecutor.run(TestNGExecutor.java:70)
	at org.apache.maven.surefire.testng.TestNGDirectoryTestSuite.executeMulti(TestNGDirectoryTestSuite.java:158)
	at org.apache.maven.surefire.testng.TestNGDirectoryTestSuite.execute(TestNGDirectoryTestSuite.java:98)
	at org.apache.maven.surefire.testng.TestNGProvider.invoke(TestNGProvider.java:111)
	at sun.reflect.NativeMethodAccessorImpl.invoke0(Native Method)
	at sun.reflect.NativeMethodAccessorImpl.invoke(NativeMethodAccessorImpl.java:57)
	at sun.reflect.DelegatingMethodAccessorImpl.invoke(DelegatingMethodAccessorImpl.java:43)
	at java.lang.reflect.Method.invoke(Method.java:601)
	at org.apache.maven.surefire.util.ReflectionUtils.invokeMethodWithArray(ReflectionUtils.java:164)
	at org.apache.maven.surefire.booter.ProviderFactory$ProviderProxy.invoke(ProviderFactory.java:110)
	at org.apache.maven.surefire.booter.SurefireStarter.invokeProvider(SurefireStarter.java:175)
	at org.apache.maven.surefire.booter.SurefireStarter.runSuitesInProcessWhenForked(SurefireStarter.java:107)
	at org.apache.maven.surefire.booter.ForkedBooter.main(ForkedBooter.java:68)
]]>
            </full-stacktrace>
          </exception>
        </test-method>
        <test-method status="PASS" signature="prepareSystem()[pri:0, instance:pl.testng.ch4.ClassBookingSystemTest@6ee7e2ec]" name="prepareSystem" is-config="true" duration-ms="0" started-at="2012-08-02T21:01:33Z" finished-at="2012-08-02T21:01:33Z">
        </test-method>
        <test-method status="PASS" signature="prepareSystem()[pri:0, instance:pl.testng.ch4.ClassBookingSystemTest@6ee7e2ec]" name="prepareSystem" is-config="true" duration-ms="2" started-at="2012-08-02T21:01:33Z" finished-at="2012-08-02T21:01:33Z">
        </test-method>
        <test-method status="PASS" signature="wrongInitializationReservation(java.lang.String, java.lang.String)[pri:0, instance:pl.testng.ch4.ClassBookingSystemTest@6ee7e2ec]" name="wrongInitializationReservation" duration-ms="0" started-at="2012-08-02T21:01:33Z" finished-at="2012-08-02T21:01:33Z">
          <params>
            <param index="0">
[...]
	at org.apache.maven.surefire.booter.SurefireStarter.runSuitesInProcessWhenForked(SurefireStarter.java:107)
	at org.apache.maven.surefire.booter.ForkedBooter.main(ForkedBooter.java:68)
]]>
            </full-stacktrace>
          </exception>
        </test-method>
        <test-method status="PASS" signature="shouldReturnFalse(int, int, java.lang.String)[pri:0, instance:pl.testng.ch4.PasswordUtilTest@7c242f04]" name="shouldReturnFalse" duration-ms="1" started-at="2012-08-02T21:01:33Z" finished-at="2012-08-02T21:01:33Z">
          <params>
            <param index="0">
              <value>
                <![CDATA[3]]>
              </value>
            </param>
            <param index="1">
              <value>
                <![CDATA[1]]>
              </value>
            </param>
            <param index="2">
              <value>
                <![CDATA[0000]]>
              </value>
            </param>
          </params>
        </test-method>
        <test-method status="PASS" signature="shouldReturnFalse(int, int, java.lang.String)[pri:0, instance:pl.testng.ch4.PasswordUtilTest@7c242f04]" name="shouldReturnFalse" duration-ms="0" started-at="2012-08-02T21:01:33Z" finished-at="2012-08-02T21:01:33Z">
          <params>
            <param index="0">
              <value>
                <![CDATA[5]]>
              </value>
            </param>
            <param index="1">
              <value>
                <![CDATA[1]]>
              </value>
            </param>
            <param index="2">
              <value>
                <![CDATA[T_#1]]>
              </value>
            </param>
          </params>
        </test-method>
        <test-method status="PASS" signature="shouldReturnFalse(int, int, java.lang.String)[pri:0, instance:pl.testng.ch4.PasswordUtilTest@7c242f04]" name="shouldReturnFalse" duration-ms="0" started-at="2012-08-02T21:01:33Z" finished-at="2012-08-02T21:01:33Z">
          <params>
            <param index="0">
              <value>
                <![CDATA[3]]>
              </value>
            </param>
            <param index="1">
              <value>
                <![CDATA[3]]>
              </value>
            </param>
            <param index="2">
              <value>
                <![CDATA[23To_#]]>
              </value>
            </param>
          </params>
        </test-method>
        <test-method status="PASS" signature="shouldReturnFalse(int, int, java.lang.String)[pri:0, instance:pl.testng.ch4.PasswordUtilTest@7c242f04]" name="shouldReturnFalse" duration-ms="0" started-at="2012-08-02T21:01:33Z" finished-at="2012-08-02T21:01:33Z">
          <params>
            <param index="0">
              <value>
                <![CDATA[3]]>
              </value>
            </param>
            <param index="1">
              <value>
                <![CDATA[2]]>
              </value>
            </param>
            <param index="2">
              <value>
                <![CDATA[_23########]]>
              </value>
            </param>
          </params>
        </test-method>
        <test-method status="PASS" signature="shouldReturnFalse(int, int, java.lang.String)[pri:0, instance:pl.testng.ch4.PasswordUtilTest@7c242f04]" name="shouldReturnFalse" duration-ms="0" started-at="2012-08-02T21:01:33Z" finished-at="2012-08-02T21:01:33Z">
          <params>
            <param index="0">
              <value>
                <![CDATA[5]]>
              </value>
            </param>
            <param index="1">
              <value>
                <![CDATA[2]]>
              </value>
            </param>
            <param index="2">
              <value>
                <![CDATA[_______]]>
              </value>
            </param>
          </params>
        </test-method>
        <test-method status="PASS" signature="shouldReturnFalse(int, int, java.lang.String)[pri:0, instance:pl.testng.ch4.PasswordUtilTest@7c242f04]" name="shouldReturnFalse" duration-ms="0" started-at="2012-08-02T21:01:33Z" finished-at="2012-08-02T21:01:33Z">
          <params>
            <param index="0">
              <value>
                <![CDATA[5]]>
              </value>
            </param>
            <param index="1">
              <value>
                <![CDATA[2]]>
              </value>
            </param>
            <param index="2">
              <value>
                <![CDATA[_23__2____]]>
              </value>
            </param>
          </params>
        </test-method>
        <test-method status="PASS" signature="shouldReturnFalse(int, int, java.lang.String)[pri:0, instance:pl.testng.ch4.PasswordUtilTest@7c242f04]" name="shouldReturnFalse" duration-ms="0" started-at="2012-08-02T21:01:33Z" finished-at="2012-08-02T21:01:33Z">
          <params>
            <param index="0">
              <value>
                <![CDATA[5]]>
              </value>
            </param>
            <param index="1">
              <value>
                <![CDATA[2]]>
              </value>
            </param>
            <param index="2">
              <value>
                <![CDATA[samohaslo]]>
              </value>
            </param>
          </params>
        </test-method>
        <test-method status="PASS" signature="shouldReturnFalse(int, int, java.lang.String)[pri:0, instance:pl.testng.ch4.PasswordUtilTest@7c242f04]" name="shouldReturnFalse" duration-ms="1" started-at="2012-08-02T21:01:33Z" finished-at="2012-08-02T21:01:33Z">
          <params>
            <param index="0">
              <value>
                <![CDATA[5]]>
              </value>
            </param>
            <param index="1">
              <value>
                <![CDATA[2]]>
              </value>
            </param>
            <param index="2">
              <value>
                <![CDATA[duzehaslo]]>
              </value>
            </param>
          </params>
        </test-method>
        <test-method status="PASS" signature="shouldReturnFalse(int, int, java.lang.String)[pri:0, instance:pl.testng.ch4.PasswordUtilTest@7c242f04]" name="shouldReturnFalse" duration-ms="0" started-at="2012-08-02T21:01:33Z" finished-at="2012-08-02T21:01:33Z">
          <params>
            <param index="0">
              <value>
                <![CDATA[5]]>
              </value>
            </param>
            <param index="1">
              <value>
                <![CDATA[2]]>
              </value>
            </param>
            <param index="2">
              <value is-null="true"/>
            </param>
          </params>
        </test-method>
        <test-method status="PASS" signature="shouldReturnValid(int, int, java.lang.String)[pri:0, instance:pl.testng.ch4.PasswordUtilTest@7c242f04]" name="shouldReturnValid" duration-ms="1" started-at="2012-08-02T21:01:33Z" finished-at="2012-08-02T21:01:33Z">
          <params>
            <param index="0">
              <value>
                <![CDATA[5]]>
              </value>
            </param>
            <param index="1">
              <value>
                <![CDATA[1]]>
              </value>
            </param>
            <param index="2">
              <value>
                <![CDATA[Tojesthaslo_#1]]>
              </value>
            </param>
          </params>
        </test-method>
        <test-method status="PASS" signature="shouldReturnValid(int, int, java.lang.String)[pri:0, instance:pl.testng.ch4.PasswordUtilTest@7c242f04]" name="shouldReturnValid" duration-ms="0" started-at="2012-08-02T21:01:33Z" finished-at="2012-08-02T21:01:33Z">
          <params>
            <param index="0">
              <value>
                <![CDATA[3]]>
              </value>
            </param>
            <param index="1">
              <value>
                <![CDATA[1]]>
              </value>
            </param>
            <param index="2">
              <value>
                <![CDATA[To_#1]]>
              </value>
            </param>
          </params>
        </test-method>
        <test-method status="PASS" signature="shouldReturnValid(int, int, java.lang.String)[pri:0, instance:pl.testng.ch4.PasswordUtilTest@7c242f04]" name="shouldReturnValid" duration-ms="0" started-at="2012-08-02T21:01:33Z" finished-at="2012-08-02T21:01:33Z">
          <params>
            <param index="0">
              <value>
                <![CDATA[3]]>
              </value>
            </param>
            <param index="1">
              <value>
                <![CDATA[3]]>
              </value>
            </param>
            <param index="2">
              <value>
                <![CDATA[23To_#1]]>
              </value>
            </param>
          </params>
        </test-method>
        <test-method status="PASS" signature="shouldReturnValid(int, int, java.lang.String)[pri:0, instance:pl.testng.ch4.PasswordUtilTest@7c242f04]" name="shouldReturnValid" duration-ms="1" started-at="2012-08-02T21:01:33Z" finished-at="2012-08-02T21:01:33Z">
          <params>
            <param index="0">
              <value>
                <![CDATA[3]]>
              </value>
            </param>
            <param index="1">
              <value>
                <![CDATA[2]]>
              </value>
            </param>
            <param index="2">
              <value>
                <![CDATA[_23#######To#]]>
              </value>
            </param>
          </params>
        </test-method>
        <test-method status="PASS" signature="shouldReturnValid(int, int, java.lang.String)[pri:0, instance:pl.testng.ch4.PasswordUtilTest@7c242f04]" name="shouldReturnValid" duration-ms="0" started-at="2012-08-02T21:01:33Z" finished-at="2012-08-02T21:01:33Z">
          <params>
            <param index="0">
              <value>
                <![CDATA[5]]>
              </value>
            </param>
            <param index="1">
              <value>
                <![CDATA[2]]>
              </value>
            </param>
            <param index="2">
              <value>
                <![CDATA[_23__2____To#]]>
              </value>
            </param>
          </params>
        </test-method>
      </class>
      <class name="pl.testng.ch5.RaceResultsServiceFirstAndSecondRefactoredTest">
        <test-method status="PASS" signature="setUp()[pri:0, instance:pl.testng.ch5.RaceResultsServiceFirstAndSecondRefactoredTest@3ebd106]" name="setUp" is-config="true" duration-ms="31" started-at="2012-08-02T21:01:33Z" finished-at="2012-08-02T21:01:33Z">
        </test-method>
        <test-method status="PASS" signature="allSubscribedClientsShouldReceiveMessages()[pri:0, instance:pl.testng.ch5.RaceResultsServiceFirstAndSecondRefactoredTest@3ebd106]" name="allSubscribedClientsShouldReceiveMessages" duration-ms="3" started-at="2012-08-02T21:01:33Z" finished-at="2012-08-02T21:01:33Z">
        </test-method>
        <test-method status="PASS" signature="setUp()[pri:0, instance:pl.testng.ch5.RaceResultsServiceFirstAndSecondRefactoredTest@3ebd106]" name="setUp" is-config="true" duration-ms="3" started-at="2012-08-02T21:01:33Z" finished-at="2012-08-02T21:01:33Z">
        </test-method>
        <test-method status="PASS" signature="anyUserShouldNotRecievedMessage()[pri:0, instance:pl.testng.ch5.RaceResultsServiceFirstAndSecondRefactoredTest@3ebd106]" name="anyUserShouldNotRecievedMessage" duration-ms="5" started-at="2012-08-02T21:01:33Z" finished-at="2012-08-02T21:01:33Z">
        </test-method>
        <test-method status="PASS" signature="setUp()[pri:0, instance:pl.testng.ch5.RaceResultsServiceFirstAndSecondRefactoredTest@3ebd106]" name="setUp" is-config="true" duration-ms="3" started-at="2012-08-02T21:01:33Z" finished-at="2012-08-02T21:01:33Z">
        </test-method>
        <test-method status="PASS" signature="notSubscribedClientShouldNotReceiveMessage()[pri:0, instance:pl.testng.ch5.RaceResultsServiceFirstAndSecondRefactoredTest@3ebd106]" name="notSubscribedClientShouldNotReceiveMessage" duration-ms="1" started-at="2012-08-02T21:01:33Z" finished-at="2012-08-02T21:01:33Z">
        </test-method>
        <test-method status="PASS" signature="setUp()[pri:0, instance:pl.testng.ch5.RaceResultsServiceFirstAndSecondRefactoredTest@3ebd106]" name="setUp" is-config="true" duration-ms="3" started-at="2012-08-02T21:01:33Z" finished-at="2012-08-02T21:01:33Z">
        </test-method>
        <test-method status="PASS" signature="oneSubscribedShouldBeAbledToSubscibeToManyCategory()[pri:0, instance:pl.testng.ch5.RaceResultsServiceFirstAndSecondRefactoredTest@3ebd106]" name="oneSubscribedShouldBeAbledToSubscibeToManyCategory" duration-ms="2" started-at="2012-08-02T21:01:33Z" finished-at="2012-08-02T21:01:33Z">
        </test-method>
        <test-method status="PASS" signature="setUp()[pri:0, instance:pl.testng.ch5.RaceResultsServiceFirstAndSecondRefactoredTest@3ebd106]" name="setUp" is-config="true" duration-ms="3" started-at="2012-08-02T21:01:33Z" finished-at="2012-08-02T21:01:33Z">
        </test-method>
        <test-method status="PASS" signature="removedNotSubscribedClient()[pri:0, instance:pl.testng.ch5.RaceResultsServiceFirstAndSecondRefactoredTest@3ebd106]" name="removedNotSubscribedClient" duration-ms="0" started-at="2012-08-02T21:01:33Z" finished-at="2012-08-02T21:01:33Z">
          <exception class="pl.testng.ch5.UnknowClientException">
            <full-stacktrace>
              <![CDATA[pl.testng.ch5.UnknowClientException
	at pl.testng.ch5.RaceResultsService.removeSubsciber(RaceResultsService.java:40)
	at pl.testng.ch5.RaceResultsServiceFirstAndSecondRefactoredTest.removedNotSubscribedClient(RaceResultsServiceFirstAndSecondRefactoredTest.java:126)
	at sun.reflect.NativeMethodAccessorImpl.invoke0(Native Method)
	at sun.reflect.NativeMethodAccessorImpl.invoke(NativeMethodAccessorImpl.java:57)
	at sun.reflect.DelegatingMethodAccessorImpl.invoke(DelegatingMethodAccessorImpl.java:43)
	at java.lang.reflect.Method.invoke(Method.java:601)
	at org.testng.internal.MethodInvocationHelper.invokeMethod(MethodInvocationHelper.java:80)
	at org.testng.internal.Invoker.invokeMethod(Invoker.java:691)
	at org.testng.internal.Invoker.invokeTestMethod(Invoker.java:883)
	at org.testng.internal.Invoker.invokeTestMethods(Invoker.java:1208)
	at org.testng.internal.TestMethodWorker.invokeTestMethods(TestMethodWorker.java:127)
	at org.testng.internal.TestMethodWorker.run(TestMethodWorker.java:111)
	at org.testng.TestRunner.privateRun(TestRunner.java:758)
	at org.testng.TestRunner.run(TestRunner.java:613)
	at org.testng.SuiteRunner.runTest(SuiteRunner.java:334)
	at org.testng.SuiteRunner.runSequentially(SuiteRunner.java:329)
	at org.testng.SuiteRunner.privateRun(SuiteRunner.java:291)
	at org.testng.SuiteRunner.run(SuiteRunner.java:240)
	at org.testng.SuiteRunnerWorker.runSuite(SuiteRunnerWorker.java:53)
	at org.testng.SuiteRunnerWorker.run(SuiteRunnerWorker.java:87)
	at org.testng.TestNG.runSuitesSequentially(TestNG.java:1137)
	at org.testng.TestNG.runSuitesLocally(TestNG.java:1062)
	at org.testng.TestNG.run(TestNG.java:974)
	at org.apache.maven.surefire.testng.TestNGExecutor.run(TestNGExecutor.java:70)
	at org.apache.maven.surefire.testng.TestNGDirectoryTestSuite.executeMulti(TestNGDirectoryTestSuite.java:158)
	at org.apache.maven.surefire.testng.TestNGDirectoryTestSuite.execute(TestNGDirectoryTestSuite.java:98)
	at org.apache.maven.surefire.testng.TestNGProvider.invoke(TestNGProvider.java:111)
	at sun.reflect.NativeMethodAccessorImpl.invoke0(Native Method)
	at sun.reflect.NativeMethodAccessorImpl.invoke(NativeMethodAccessorImpl.java:57)
	at sun.reflect.DelegatingMethodAccessorImpl.invoke(DelegatingMethodAccessorImpl.java:43)
	at java.lang.reflect.Method.invoke(Method.java:601)
	at org.apache.maven.surefire.util.ReflectionUtils.invokeMethodWithArray(ReflectionUtils.java:164)
	at org.apache.maven.surefire.booter.ProviderFactory$ProviderProxy.invoke(ProviderFactory.java:110)
	at org.apache.maven.surefire.booter.SurefireStarter.invokeProvider(SurefireStarter.java:175)
	at org.apache.maven.surefire.booter.SurefireStarter.runSuitesInProcessWhenForked(SurefireStarter.java:107)
	at org.apache.maven.surefire.booter.ForkedBooter.main(ForkedBooter.java:68)
]]>
            </full-stacktrace>
          </exception>
        </test-method>
        <test-method status="PASS" signature="setUp()[pri:0, instance:pl.testng.ch5.RaceResultsServiceFirstAndSecondRefactoredTest@3ebd106]" name="setUp" is-config="true" duration-ms="2" started-at="2012-08-02T21:01:33Z" finished-at="2012-08-02T21:01:33Z">
        </test-method>
        <test-method status="PASS" signature="shoudlRecivedMessageFromSubscribedCategory()[pri:0, instance:pl.testng.ch5.RaceResultsServiceFirstAndSecondRefactoredTest@3ebd106]" name="shoudlRecivedMessageFromSubscribedCategory" duration-ms="2" started-at="2012-08-02T21:01:33Z" finished-at="2012-08-02T21:01:33Z">
        </test-method>
        <test-method status="PASS" signature="setUp()[pri:0, instance:pl.testng.ch5.RaceResultsServiceFirstAndSecondRefactoredTest@3ebd106]" name="setUp" is-config="true" duration-ms="3" started-at="2012-08-02T21:01:33Z" finished-at="2012-08-02T21:01:33Z">
        </test-method>
        <test-method status="PASS" signature="shouldFinishedWitoutAnyException()[pri:0, instance:pl.testng.ch5.RaceResultsServiceFirstAndSecondRefactoredTest@3ebd106]" name="shouldFinishedWitoutAnyException" duration-ms="0" started-at="2012-08-02T21:01:33Z" finished-at="2012-08-02T21:01:33Z">
        </test-method>
        <test-method status="PASS" signature="setUp()[pri:0, instance:pl.testng.ch5.RaceResultsServiceFirstAndSecondRefactoredTest@3ebd106]" name="setUp" is-config="true" duration-ms="2" started-at="2012-08-02T21:01:33Z" finished-at="2012-08-02T21:01:33Z">
        </test-method>
        <test-method status="PASS" signature="shouldRecivedOnlySubscribedCategoriesMessages()[pri:0, instance:pl.testng.ch5.RaceResultsServiceFirstAndSecondRefactoredTest@3ebd106]" name="shouldRecivedOnlySubscribedCategoriesMessages" duration-ms="1" started-at="2012-08-02T21:01:33Z" finished-at="2012-08-02T21:01:33Z">
        </test-method>
        <test-method status="PASS" signature="setUp()[pri:0, instance:pl.testng.ch5.RaceResultsServiceFirstAndSecondRefactoredTest@3ebd106]" name="setUp" is-config="true" duration-ms="3" started-at="2012-08-02T21:01:33Z" finished-at="2012-08-02T21:01:33Z">
        </test-method>
        <test-method status="PASS" signature="shouldSendOnlyOneMessageToMultiSubscriber()[pri:0, instance:pl.testng.ch5.RaceResultsServiceFirstAndSecondRefactoredTest@3ebd106]" name="shouldSendOnlyOneMessageToMultiSubscriber" duration-ms="1" started-at="2012-08-02T21:01:33Z" finished-at="2012-08-02T21:01:33Z">
        </test-method>
        <test-method status="PASS" signature="setUp()[pri:0, instance:pl.testng.ch5.RaceResultsServiceFirstAndSecondRefactoredTest@3ebd106]" name="setUp" is-config="true" duration-ms="3" started-at="2012-08-02T21:01:33Z" finished-at="2012-08-02T21:01:33Z">
        </test-method>
        <test-method status="PASS" signature="subscribedClientShouldReveiveMessage()[pri:0, instance:pl.testng.ch5.RaceResultsServiceFirstAndSecondRefactoredTest@3ebd106]" name="subscribedClientShouldReveiveMessage" duration-ms="1" started-at="2012-08-02T21:01:33Z" finished-at="2012-08-02T21:01:33Z">
        </test-method>
        <test-method status="PASS" signature="setUp()[pri:0, instance:pl.testng.ch5.RaceResultsServiceFirstAndSecondRefactoredTest@3ebd106]" name="setUp" is-config="true" duration-ms="2" started-at="2012-08-02T21:01:33Z" finished-at="2012-08-02T21:01:33Z">
        </test-method>
        <test-method status="PASS" signature="unsubsribedClientShouldNotReceiveMessages()[pri:0, instance:pl.testng.ch5.RaceResultsServiceFirstAndSecondRefactoredTest@3ebd106]" name="unsubsribedClientShouldNotReceiveMessages" duration-ms="1" started-at="2012-08-02T21:01:33Z" finished-at="2012-08-02T21:01:33Z">
        </test-method>
      </class>
    </test>
  </suite>
</testng-results>
